  Practical Exercise Chapter 1.cpp
E:\Studies\TARUC\Degree\Year 2\Year 2 Sem 1\Graphics Programming\Practical\Code\Practical 1\Practical Exercise Chapter 1.cpp(149,26): warning C4305: 'argument': truncation from 'double' to 'GLfloat'
E:\Studies\TARUC\Degree\Year 2\Year 2 Sem 1\Graphics Programming\Practical\Code\Practical 1\Practical Exercise Chapter 1.cpp(159,26): warning C4305: 'argument': truncation from 'double' to 'GLfloat'
E:\Studies\TARUC\Degree\Year 2\Year 2 Sem 1\Graphics Programming\Practical\Code\Practical 1\Practical Exercise Chapter 1.cpp(174,26): warning C4305: 'argument': truncation from 'double' to 'GLfloat'
E:\Studies\TARUC\Degree\Year 2\Year 2 Sem 1\Graphics Programming\Practical\Code\Practical 1\Practical Exercise Chapter 1.cpp(175,21): warning C4305: 'argument': truncation from 'double' to 'GLfloat'
E:\Studies\TARUC\Degree\Year 2\Year 2 Sem 1\Graphics Programming\Practical\Code\Practical 1\Practical Exercise Chapter 1.cpp(177,23): warning C4305: 'argument': truncation from 'double' to 'GLfloat'
E:\Studies\TARUC\Degree\Year 2\Year 2 Sem 1\Graphics Programming\Practical\Code\Practical 1\Practical Exercise Chapter 1.cpp(178,22): warning C4305: 'argument': truncation from 'double' to 'GLfloat'
E:\Studies\TARUC\Degree\Year 2\Year 2 Sem 1\Graphics Programming\Practical\Code\Practical 1\Practical Exercise Chapter 1.cpp(179,26): warning C4305: 'argument': truncation from 'double' to 'GLfloat'
E:\Studies\TARUC\Degree\Year 2\Year 2 Sem 1\Graphics Programming\Practical\Code\Practical 1\Practical Exercise Chapter 1.cpp(180,20): warning C4305: 'argument': truncation from 'double' to 'GLfloat'
E:\Studies\TARUC\Degree\Year 2\Year 2 Sem 1\Graphics Programming\Practical\Code\Practical 1\Practical Exercise Chapter 1.cpp(186,23): warning C4305: 'argument': truncation from 'double' to 'GLfloat'
E:\Studies\TARUC\Degree\Year 2\Year 2 Sem 1\Graphics Programming\Practical\Code\Practical 1\Practical Exercise Chapter 1.cpp(187,22): warning C4305: 'argument': truncation from 'double' to 'GLfloat'
E:\Studies\TARUC\Degree\Year 2\Year 2 Sem 1\Graphics Programming\Practical\Code\Practical 1\Practical Exercise Chapter 1.cpp(188,21): warning C4305: 'argument': truncation from 'double' to 'GLfloat'
E:\Studies\TARUC\Degree\Year 2\Year 2 Sem 1\Graphics Programming\Practical\Code\Practical 1\Practical Exercise Chapter 1.cpp(189,22): warning C4305: 'argument': truncation from 'double' to 'GLfloat'
E:\Studies\TARUC\Degree\Year 2\Year 2 Sem 1\Graphics Programming\Practical\Code\Practical 1\Practical Exercise Chapter 1.cpp(195,22): warning C4305: 'argument': truncation from 'double' to 'GLfloat'
E:\Studies\TARUC\Degree\Year 2\Year 2 Sem 1\Graphics Programming\Practical\Code\Practical 1\Practical Exercise Chapter 1.cpp(196,22): warning C4305: 'argument': truncation from 'double' to 'GLfloat'
E:\Studies\TARUC\Degree\Year 2\Year 2 Sem 1\Graphics Programming\Practical\Code\Practical 1\Practical Exercise Chapter 1.cpp(197,20): warning C4305: 'argument': truncation from 'double' to 'GLfloat'
E:\Studies\TARUC\Degree\Year 2\Year 2 Sem 1\Graphics Programming\Practical\Code\Practical 1\Practical Exercise Chapter 1.cpp(198,19): warning C4305: 'argument': truncation from 'double' to 'GLfloat'
E:\Studies\TARUC\Degree\Year 2\Year 2 Sem 1\Graphics Programming\Practical\Code\Practical 1\Practical Exercise Chapter 1.cpp(200,21): warning C4305: 'argument': truncation from 'double' to 'GLfloat'
E:\Studies\TARUC\Degree\Year 2\Year 2 Sem 1\Graphics Programming\Practical\Code\Practical 1\Practical Exercise Chapter 1.cpp(206,22): warning C4305: 'argument': truncation from 'double' to 'GLfloat'
E:\Studies\TARUC\Degree\Year 2\Year 2 Sem 1\Graphics Programming\Practical\Code\Practical 1\Practical Exercise Chapter 1.cpp(207,21): warning C4305: 'argument': truncation from 'double' to 'GLfloat'
E:\Studies\TARUC\Degree\Year 2\Year 2 Sem 1\Graphics Programming\Practical\Code\Practical 1\Practical Exercise Chapter 1.cpp(208,22): warning C4305: 'argument': truncation from 'double' to 'GLfloat'
E:\Studies\TARUC\Degree\Year 2\Year 2 Sem 1\Graphics Programming\Practical\Code\Practical 1\Practical Exercise Chapter 1.cpp(209,19): warning C4305: 'argument': truncation from 'double' to 'GLfloat'
E:\Studies\TARUC\Degree\Year 2\Year 2 Sem 1\Graphics Programming\Practical\Code\Practical 1\Practical Exercise Chapter 1.cpp(210,20): warning C4305: 'argument': truncation from 'double' to 'GLfloat'
E:\Studies\TARUC\Degree\Year 2\Year 2 Sem 1\Graphics Programming\Practical\Code\Practical 1\Practical Exercise Chapter 1.cpp(216,23): warning C4305: 'argument': truncation from 'double' to 'GLfloat'
E:\Studies\TARUC\Degree\Year 2\Year 2 Sem 1\Graphics Programming\Practical\Code\Practical 1\Practical Exercise Chapter 1.cpp(217,22): warning C4305: 'argument': truncation from 'double' to 'GLfloat'
E:\Studies\TARUC\Degree\Year 2\Year 2 Sem 1\Graphics Programming\Practical\Code\Practical 1\Practical Exercise Chapter 1.cpp(218,21): warning C4305: 'argument': truncation from 'double' to 'GLfloat'
E:\Studies\TARUC\Degree\Year 2\Year 2 Sem 1\Graphics Programming\Practical\Code\Practical 1\Practical Exercise Chapter 1.cpp(219,22): warning C4305: 'argument': truncation from 'double' to 'GLfloat'
E:\Studies\TARUC\Degree\Year 2\Year 2 Sem 1\Graphics Programming\Practical\Code\Practical 1\Practical Exercise Chapter 1.cpp(224,22): warning C4305: 'argument': truncation from 'double' to 'GLfloat'
E:\Studies\TARUC\Degree\Year 2\Year 2 Sem 1\Graphics Programming\Practical\Code\Practical 1\Practical Exercise Chapter 1.cpp(225,21): warning C4305: 'argument': truncation from 'double' to 'GLfloat'
E:\Studies\TARUC\Degree\Year 2\Year 2 Sem 1\Graphics Programming\Practical\Code\Practical 1\Practical Exercise Chapter 1.cpp(226,20): warning C4305: 'argument': truncation from 'double' to 'GLfloat'
E:\Studies\TARUC\Degree\Year 2\Year 2 Sem 1\Graphics Programming\Practical\Code\Practical 1\Practical Exercise Chapter 1.cpp(228,22): warning C4305: 'argument': truncation from 'double' to 'GLfloat'
E:\Studies\TARUC\Degree\Year 2\Year 2 Sem 1\Graphics Programming\Practical\Code\Practical 1\Practical Exercise Chapter 1.cpp(229,23): warning C4305: 'argument': truncation from 'double' to 'GLfloat'
E:\Studies\TARUC\Degree\Year 2\Year 2 Sem 1\Graphics Programming\Practical\Code\Practical 1\Practical Exercise Chapter 1.cpp(235,22): warning C4305: 'argument': truncation from 'double' to 'GLfloat'
E:\Studies\TARUC\Degree\Year 2\Year 2 Sem 1\Graphics Programming\Practical\Code\Practical 1\Practical Exercise Chapter 1.cpp(236,28): warning C4305: 'argument': truncation from 'double' to 'GLfloat'
E:\Studies\TARUC\Degree\Year 2\Year 2 Sem 1\Graphics Programming\Practical\Code\Practical 1\Practical Exercise Chapter 1.cpp(237,20): warning C4305: 'argument': truncation from 'double' to 'GLfloat'
E:\Studies\TARUC\Degree\Year 2\Year 2 Sem 1\Graphics Programming\Practical\Code\Practical 1\Practical Exercise Chapter 1.cpp(239,20): warning C4305: 'argument': truncation from 'double' to 'GLfloat'
E:\Studies\TARUC\Degree\Year 2\Year 2 Sem 1\Graphics Programming\Practical\Code\Practical 1\Practical Exercise Chapter 1.cpp(244,28): warning C4305: 'argument': truncation from 'double' to 'GLfloat'
E:\Studies\TARUC\Degree\Year 2\Year 2 Sem 1\Graphics Programming\Practical\Code\Practical 1\Practical Exercise Chapter 1.cpp(245,20): warning C4305: 'argument': truncation from 'double' to 'GLfloat'
E:\Studies\TARUC\Degree\Year 2\Year 2 Sem 1\Graphics Programming\Practical\Code\Practical 1\Practical Exercise Chapter 1.cpp(247,22): warning C4305: 'argument': truncation from 'double' to 'GLfloat'
E:\Studies\TARUC\Degree\Year 2\Year 2 Sem 1\Graphics Programming\Practical\Code\Practical 1\Practical Exercise Chapter 1.cpp(248,22): warning C4305: 'argument': truncation from 'double' to 'GLfloat'
E:\Studies\TARUC\Degree\Year 2\Year 2 Sem 1\Graphics Programming\Practical\Code\Practical 1\Practical Exercise Chapter 1.cpp(249,28): warning C4305: 'argument': truncation from 'double' to 'GLfloat'
E:\Studies\TARUC\Degree\Year 2\Year 2 Sem 1\Graphics Programming\Practical\Code\Practical 1\Practical Exercise Chapter 1.cpp(250,20): warning C4305: 'argument': truncation from 'double' to 'GLfloat'
E:\Studies\TARUC\Degree\Year 2\Year 2 Sem 1\Graphics Programming\Practical\Code\Practical 1\Practical Exercise Chapter 1.cpp(256,22): warning C4305: 'argument': truncation from 'double' to 'GLfloat'
E:\Studies\TARUC\Degree\Year 2\Year 2 Sem 1\Graphics Programming\Practical\Code\Practical 1\Practical Exercise Chapter 1.cpp(257,22): warning C4305: 'argument': truncation from 'double' to 'GLfloat'
E:\Studies\TARUC\Degree\Year 2\Year 2 Sem 1\Graphics Programming\Practical\Code\Practical 1\Practical Exercise Chapter 1.cpp(258,28): warning C4305: 'argument': truncation from 'double' to 'GLfloat'
E:\Studies\TARUC\Degree\Year 2\Year 2 Sem 1\Graphics Programming\Practical\Code\Practical 1\Practical Exercise Chapter 1.cpp(259,20): warning C4305: 'argument': truncation from 'double' to 'GLfloat'
E:\Studies\TARUC\Degree\Year 2\Year 2 Sem 1\Graphics Programming\Practical\Code\Practical 1\Practical Exercise Chapter 1.cpp(260,20): warning C4305: 'argument': truncation from 'double' to 'GLfloat'
E:\Studies\TARUC\Degree\Year 2\Year 2 Sem 1\Graphics Programming\Practical\Code\Practical 1\Practical Exercise Chapter 1.cpp(266,22): warning C4305: 'argument': truncation from 'double' to 'GLfloat'
E:\Studies\TARUC\Degree\Year 2\Year 2 Sem 1\Graphics Programming\Practical\Code\Practical 1\Practical Exercise Chapter 1.cpp(267,22): warning C4305: 'argument': truncation from 'double' to 'GLfloat'
E:\Studies\TARUC\Degree\Year 2\Year 2 Sem 1\Graphics Programming\Practical\Code\Practical 1\Practical Exercise Chapter 1.cpp(268,22): warning C4305: 'argument': truncation from 'double' to 'GLfloat'
E:\Studies\TARUC\Degree\Year 2\Year 2 Sem 1\Graphics Programming\Practical\Code\Practical 1\Practical Exercise Chapter 1.cpp(269,22): warning C4305: 'argument': truncation from 'double' to 'GLfloat'
E:\Studies\TARUC\Degree\Year 2\Year 2 Sem 1\Graphics Programming\Practical\Code\Practical 1\Practical Exercise Chapter 1.cpp(275,21): warning C4305: 'argument': truncation from 'double' to 'GLfloat'
E:\Studies\TARUC\Degree\Year 2\Year 2 Sem 1\Graphics Programming\Practical\Code\Practical 1\Practical Exercise Chapter 1.cpp(276,28): warning C4305: 'argument': truncation from 'double' to 'GLfloat'
E:\Studies\TARUC\Degree\Year 2\Year 2 Sem 1\Graphics Programming\Practical\Code\Practical 1\Practical Exercise Chapter 1.cpp(277,19): warning C4305: 'argument': truncation from 'double' to 'GLfloat'
E:\Studies\TARUC\Degree\Year 2\Year 2 Sem 1\Graphics Programming\Practical\Code\Practical 1\Practical Exercise Chapter 1.cpp(279,19): warning C4305: 'argument': truncation from 'double' to 'GLfloat'
E:\Studies\TARUC\Degree\Year 2\Year 2 Sem 1\Graphics Programming\Practical\Code\Practical 1\Practical Exercise Chapter 1.cpp(285,21): warning C4305: 'argument': truncation from 'double' to 'GLfloat'
E:\Studies\TARUC\Degree\Year 2\Year 2 Sem 1\Graphics Programming\Practical\Code\Practical 1\Practical Exercise Chapter 1.cpp(286,28): warning C4305: 'argument': truncation from 'double' to 'GLfloat'
E:\Studies\TARUC\Degree\Year 2\Year 2 Sem 1\Graphics Programming\Practical\Code\Practical 1\Practical Exercise Chapter 1.cpp(287,19): warning C4305: 'argument': truncation from 'double' to 'GLfloat'
E:\Studies\TARUC\Degree\Year 2\Year 2 Sem 1\Graphics Programming\Practical\Code\Practical 1\Practical Exercise Chapter 1.cpp(288,19): warning C4305: 'argument': truncation from 'double' to 'GLfloat'
E:\Studies\TARUC\Degree\Year 2\Year 2 Sem 1\Graphics Programming\Practical\Code\Practical 1\Practical Exercise Chapter 1.cpp(290,21): warning C4305: 'argument': truncation from 'double' to 'GLfloat'
E:\Studies\TARUC\Degree\Year 2\Year 2 Sem 1\Graphics Programming\Practical\Code\Practical 1\Practical Exercise Chapter 1.cpp(296,21): warning C4305: 'argument': truncation from 'double' to 'GLfloat'
E:\Studies\TARUC\Degree\Year 2\Year 2 Sem 1\Graphics Programming\Practical\Code\Practical 1\Practical Exercise Chapter 1.cpp(297,21): warning C4305: 'argument': truncation from 'double' to 'GLfloat'
E:\Studies\TARUC\Degree\Year 2\Year 2 Sem 1\Graphics Programming\Practical\Code\Practical 1\Practical Exercise Chapter 1.cpp(298,28): warning C4305: 'argument': truncation from 'double' to 'GLfloat'
E:\Studies\TARUC\Degree\Year 2\Year 2 Sem 1\Graphics Programming\Practical\Code\Practical 1\Practical Exercise Chapter 1.cpp(299,19): warning C4305: 'argument': truncation from 'double' to 'GLfloat'
E:\Studies\TARUC\Degree\Year 2\Year 2 Sem 1\Graphics Programming\Practical\Code\Practical 1\Practical Exercise Chapter 1.cpp(300,19): warning C4305: 'argument': truncation from 'double' to 'GLfloat'
E:\Studies\TARUC\Degree\Year 2\Year 2 Sem 1\Graphics Programming\Practical\Code\Practical 1\Practical Exercise Chapter 1.cpp(305,21): warning C4305: 'argument': truncation from 'double' to 'GLfloat'
E:\Studies\TARUC\Degree\Year 2\Year 2 Sem 1\Graphics Programming\Practical\Code\Practical 1\Practical Exercise Chapter 1.cpp(306,21): warning C4305: 'argument': truncation from 'double' to 'GLfloat'
E:\Studies\TARUC\Degree\Year 2\Year 2 Sem 1\Graphics Programming\Practical\Code\Practical 1\Practical Exercise Chapter 1.cpp(307,21): warning C4305: 'argument': truncation from 'double' to 'GLfloat'
E:\Studies\TARUC\Degree\Year 2\Year 2 Sem 1\Graphics Programming\Practical\Code\Practical 1\Practical Exercise Chapter 1.cpp(308,21): warning C4305: 'argument': truncation from 'double' to 'GLfloat'
E:\Studies\TARUC\Degree\Year 2\Year 2 Sem 1\Graphics Programming\Practical\Code\Practical 1\Practical Exercise Chapter 1.cpp(314,23): warning C4305: 'argument': truncation from 'double' to 'GLfloat'
E:\Studies\TARUC\Degree\Year 2\Year 2 Sem 1\Graphics Programming\Practical\Code\Practical 1\Practical Exercise Chapter 1.cpp(315,28): warning C4305: 'argument': truncation from 'double' to 'GLfloat'
E:\Studies\TARUC\Degree\Year 2\Year 2 Sem 1\Graphics Programming\Practical\Code\Practical 1\Practical Exercise Chapter 1.cpp(316,21): warning C4305: 'argument': truncation from 'double' to 'GLfloat'
E:\Studies\TARUC\Degree\Year 2\Year 2 Sem 1\Graphics Programming\Practical\Code\Practical 1\Practical Exercise Chapter 1.cpp(318,21): warning C4305: 'argument': truncation from 'double' to 'GLfloat'
E:\Studies\TARUC\Degree\Year 2\Year 2 Sem 1\Graphics Programming\Practical\Code\Practical 1\Practical Exercise Chapter 1.cpp(323,28): warning C4305: 'argument': truncation from 'double' to 'GLfloat'
E:\Studies\TARUC\Degree\Year 2\Year 2 Sem 1\Graphics Programming\Practical\Code\Practical 1\Practical Exercise Chapter 1.cpp(324,21): warning C4305: 'argument': truncation from 'double' to 'GLfloat'
E:\Studies\TARUC\Degree\Year 2\Year 2 Sem 1\Graphics Programming\Practical\Code\Practical 1\Practical Exercise Chapter 1.cpp(326,23): warning C4305: 'argument': truncation from 'double' to 'GLfloat'
E:\Studies\TARUC\Degree\Year 2\Year 2 Sem 1\Graphics Programming\Practical\Code\Practical 1\Practical Exercise Chapter 1.cpp(327,23): warning C4305: 'argument': truncation from 'double' to 'GLfloat'
E:\Studies\TARUC\Degree\Year 2\Year 2 Sem 1\Graphics Programming\Practical\Code\Practical 1\Practical Exercise Chapter 1.cpp(328,28): warning C4305: 'argument': truncation from 'double' to 'GLfloat'
E:\Studies\TARUC\Degree\Year 2\Year 2 Sem 1\Graphics Programming\Practical\Code\Practical 1\Practical Exercise Chapter 1.cpp(329,21): warning C4305: 'argument': truncation from 'double' to 'GLfloat'
E:\Studies\TARUC\Degree\Year 2\Year 2 Sem 1\Graphics Programming\Practical\Code\Practical 1\Practical Exercise Chapter 1.cpp(334,28): warning C4305: 'argument': truncation from 'double' to 'GLfloat'
E:\Studies\TARUC\Degree\Year 2\Year 2 Sem 1\Graphics Programming\Practical\Code\Practical 1\Practical Exercise Chapter 1.cpp(335,21): warning C4305: 'argument': truncation from 'double' to 'GLfloat'
E:\Studies\TARUC\Degree\Year 2\Year 2 Sem 1\Graphics Programming\Practical\Code\Practical 1\Practical Exercise Chapter 1.cpp(336,21): warning C4305: 'argument': truncation from 'double' to 'GLfloat'
E:\Studies\TARUC\Degree\Year 2\Year 2 Sem 1\Graphics Programming\Practical\Code\Practical 1\Practical Exercise Chapter 1.cpp(338,23): warning C4305: 'argument': truncation from 'double' to 'GLfloat'
E:\Studies\TARUC\Degree\Year 2\Year 2 Sem 1\Graphics Programming\Practical\Code\Practical 1\Practical Exercise Chapter 1.cpp(339,23): warning C4305: 'argument': truncation from 'double' to 'GLfloat'
E:\Studies\TARUC\Degree\Year 2\Year 2 Sem 1\Graphics Programming\Practical\Code\Practical 1\Practical Exercise Chapter 1.cpp(344,23): warning C4305: 'argument': truncation from 'double' to 'GLfloat'
E:\Studies\TARUC\Degree\Year 2\Year 2 Sem 1\Graphics Programming\Practical\Code\Practical 1\Practical Exercise Chapter 1.cpp(345,23): warning C4305: 'argument': truncation from 'double' to 'GLfloat'
E:\Studies\TARUC\Degree\Year 2\Year 2 Sem 1\Graphics Programming\Practical\Code\Practical 1\Practical Exercise Chapter 1.cpp(346,23): warning C4305: 'argument': truncation from 'double' to 'GLfloat'
E:\Studies\TARUC\Degree\Year 2\Year 2 Sem 1\Graphics Programming\Practical\Code\Practical 1\Practical Exercise Chapter 1.cpp(347,23): warning C4305: 'argument': truncation from 'double' to 'GLfloat'
E:\Studies\TARUC\Degree\Year 2\Year 2 Sem 1\Graphics Programming\Practical\Code\Practical 1\Practical Exercise Chapter 1.cpp(353,22): warning C4305: 'argument': truncation from 'double' to 'GLfloat'
E:\Studies\TARUC\Degree\Year 2\Year 2 Sem 1\Graphics Programming\Practical\Code\Practical 1\Practical Exercise Chapter 1.cpp(354,28): warning C4305: 'argument': truncation from 'double' to 'GLfloat'
E:\Studies\TARUC\Degree\Year 2\Year 2 Sem 1\Graphics Programming\Practical\Code\Practical 1\Practical Exercise Chapter 1.cpp(355,20): warning C4305: 'argument': truncation from 'double' to 'GLfloat'
E:\Studies\TARUC\Degree\Year 2\Year 2 Sem 1\Graphics Programming\Practical\Code\Practical 1\Practical Exercise Chapter 1.cpp(357,20): warning C4305: 'argument': truncation from 'double' to 'GLfloat'
E:\Studies\TARUC\Degree\Year 2\Year 2 Sem 1\Graphics Programming\Practical\Code\Practical 1\Practical Exercise Chapter 1.cpp(362,28): warning C4305: 'argument': truncation from 'double' to 'GLfloat'
E:\Studies\TARUC\Degree\Year 2\Year 2 Sem 1\Graphics Programming\Practical\Code\Practical 1\Practical Exercise Chapter 1.cpp(363,20): warning C4305: 'argument': truncation from 'double' to 'GLfloat'
E:\Studies\TARUC\Degree\Year 2\Year 2 Sem 1\Graphics Programming\Practical\Code\Practical 1\Practical Exercise Chapter 1.cpp(364,20): warning C4305: 'argument': truncation from 'double' to 'GLfloat'
E:\Studies\TARUC\Degree\Year 2\Year 2 Sem 1\Graphics Programming\Practical\Code\Practical 1\Practical Exercise Chapter 1.cpp(366,22): warning C4305: 'argument': truncation from 'double' to 'GLfloat'
E:\Studies\TARUC\Degree\Year 2\Year 2 Sem 1\Graphics Programming\Practical\Code\Practical 1\Practical Exercise Chapter 1.cpp(367,22): warning C4305: 'argument': truncation from 'double' to 'GLfloat'
E:\Studies\TARUC\Degree\Year 2\Year 2 Sem 1\Graphics Programming\Practical\Code\Practical 1\Practical Exercise Chapter 1.cpp(373,22): warning C4305: 'argument': truncation from 'double' to 'GLfloat'
E:\Studies\TARUC\Degree\Year 2\Year 2 Sem 1\Graphics Programming\Practical\Code\Practical 1\Practical Exercise Chapter 1.cpp(374,28): warning C4305: 'argument': truncation from 'double' to 'GLfloat'
E:\Studies\TARUC\Degree\Year 2\Year 2 Sem 1\Graphics Programming\Practical\Code\Practical 1\Practical Exercise Chapter 1.cpp(375,20): warning C4305: 'argument': truncation from 'double' to 'GLfloat'
E:\Studies\TARUC\Degree\Year 2\Year 2 Sem 1\Graphics Programming\Practical\Code\Practical 1\Practical Exercise Chapter 1.cpp(376,20): warning C4305: 'argument': truncation from 'double' to 'GLfloat'
E:\Studies\TARUC\Degree\Year 2\Year 2 Sem 1\Graphics Programming\Practical\Code\Practical 1\Practical Exercise Chapter 1.cpp(378,22): warning C4305: 'argument': truncation from 'double' to 'GLfloat'
E:\Studies\TARUC\Degree\Year 2\Year 2 Sem 1\Graphics Programming\Practical\Code\Practical 1\Practical Exercise Chapter 1.cpp(383,22): warning C4305: 'argument': truncation from 'double' to 'GLfloat'
E:\Studies\TARUC\Degree\Year 2\Year 2 Sem 1\Graphics Programming\Practical\Code\Practical 1\Practical Exercise Chapter 1.cpp(384,22): warning C4305: 'argument': truncation from 'double' to 'GLfloat'
E:\Studies\TARUC\Degree\Year 2\Year 2 Sem 1\Graphics Programming\Practical\Code\Practical 1\Practical Exercise Chapter 1.cpp(385,22): warning C4305: 'argument': truncation from 'double' to 'GLfloat'
E:\Studies\TARUC\Degree\Year 2\Year 2 Sem 1\Graphics Programming\Practical\Code\Practical 1\Practical Exercise Chapter 1.cpp(386,22): warning C4305: 'argument': truncation from 'double' to 'GLfloat'
E:\Studies\TARUC\Degree\Year 2\Year 2 Sem 1\Graphics Programming\Practical\Code\Practical 1\Practical Exercise Chapter 1.cpp(406,19): warning C4305: 'argument': truncation from 'double' to 'GLfloat'
E:\Studies\TARUC\Degree\Year 2\Year 2 Sem 1\Graphics Programming\Practical\Code\Practical 1\Practical Exercise Chapter 1.cpp(407,19): warning C4305: 'argument': truncation from 'double' to 'GLfloat'
E:\Studies\TARUC\Degree\Year 2\Year 2 Sem 1\Graphics Programming\Practical\Code\Practical 1\Practical Exercise Chapter 1.cpp(408,20): warning C4305: 'argument': truncation from 'double' to 'GLfloat'
E:\Studies\TARUC\Degree\Year 2\Year 2 Sem 1\Graphics Programming\Practical\Code\Practical 1\Practical Exercise Chapter 1.cpp(413,21): warning C4305: 'argument': truncation from 'double' to 'GLfloat'
E:\Studies\TARUC\Degree\Year 2\Year 2 Sem 1\Graphics Programming\Practical\Code\Practical 1\Practical Exercise Chapter 1.cpp(414,20): warning C4305: 'argument': truncation from 'double' to 'GLfloat'
E:\Studies\TARUC\Degree\Year 2\Year 2 Sem 1\Graphics Programming\Practical\Code\Practical 1\Practical Exercise Chapter 1.cpp(415,20): warning C4305: 'argument': truncation from 'double' to 'GLfloat'
E:\Studies\TARUC\Degree\Year 2\Year 2 Sem 1\Graphics Programming\Practical\Code\Practical 1\Practical Exercise Chapter 1.cpp(420,21): warning C4305: 'argument': truncation from 'double' to 'GLfloat'
E:\Studies\TARUC\Degree\Year 2\Year 2 Sem 1\Graphics Programming\Practical\Code\Practical 1\Practical Exercise Chapter 1.cpp(421,20): warning C4305: 'argument': truncation from 'double' to 'GLfloat'
E:\Studies\TARUC\Degree\Year 2\Year 2 Sem 1\Graphics Programming\Practical\Code\Practical 1\Practical Exercise Chapter 1.cpp(422,20): warning C4305: 'argument': truncation from 'double' to 'GLfloat'
E:\Studies\TARUC\Degree\Year 2\Year 2 Sem 1\Graphics Programming\Practical\Code\Practical 1\Practical Exercise Chapter 1.cpp(427,20): warning C4305: 'argument': truncation from 'double' to 'GLfloat'
E:\Studies\TARUC\Degree\Year 2\Year 2 Sem 1\Graphics Programming\Practical\Code\Practical 1\Practical Exercise Chapter 1.cpp(428,19): warning C4305: 'argument': truncation from 'double' to 'GLfloat'
E:\Studies\TARUC\Degree\Year 2\Year 2 Sem 1\Graphics Programming\Practical\Code\Practical 1\Practical Exercise Chapter 1.cpp(429,19): warning C4305: 'argument': truncation from 'double' to 'GLfloat'
E:\Studies\TARUC\Degree\Year 2\Year 2 Sem 1\Graphics Programming\Practical\Code\Practical 1\Practical Exercise Chapter 1.cpp(447,19): warning C4305: 'initializing': truncation from 'double' to 'float'
E:\Studies\TARUC\Degree\Year 2\Year 2 Sem 1\Graphics Programming\Practical\Code\Practical 1\Practical Exercise Chapter 1.cpp(458,10): warning C4244: '=': conversion from 'double' to 'float', possible loss of data
E:\Studies\TARUC\Degree\Year 2\Year 2 Sem 1\Graphics Programming\Practical\Code\Practical 1\Practical Exercise Chapter 1.cpp(459,10): warning C4244: '=': conversion from 'double' to 'float', possible loss of data
E:\Studies\TARUC\Degree\Year 2\Year 2 Sem 1\Graphics Programming\Practical\Code\Practical 1\Practical Exercise Chapter 1.cpp(476,15): warning C4305: 'initializing': truncation from 'double' to 'float'
E:\Studies\TARUC\Degree\Year 2\Year 2 Sem 1\Graphics Programming\Practical\Code\Practical 1\Practical Exercise Chapter 1.cpp(478,19): warning C4305: 'initializing': truncation from 'double' to 'float'
E:\Studies\TARUC\Degree\Year 2\Year 2 Sem 1\Graphics Programming\Practical\Code\Practical 1\Practical Exercise Chapter 1.cpp(490,10): warning C4244: '=': conversion from 'double' to 'float', possible loss of data
E:\Studies\TARUC\Degree\Year 2\Year 2 Sem 1\Graphics Programming\Practical\Code\Practical 1\Practical Exercise Chapter 1.cpp(491,10): warning C4244: '=': conversion from 'double' to 'float', possible loss of data
E:\Studies\TARUC\Degree\Year 2\Year 2 Sem 1\Graphics Programming\Practical\Code\Practical 1\Practical Exercise Chapter 1.cpp(502,26): warning C4305: 'argument': truncation from 'double' to 'GLfloat'
E:\Studies\TARUC\Degree\Year 2\Year 2 Sem 1\Graphics Programming\Practical\Code\Practical 1\Practical Exercise Chapter 1.cpp(504,15): warning C4244: '=': conversion from 'double' to 'float', possible loss of data
E:\Studies\TARUC\Degree\Year 2\Year 2 Sem 1\Graphics Programming\Practical\Code\Practical 1\Practical Exercise Chapter 1.cpp(505,14): warning C4244: '=': conversion from 'double' to 'float', possible loss of data
E:\Studies\TARUC\Degree\Year 2\Year 2 Sem 1\Graphics Programming\Practical\Code\Practical 1\Practical Exercise Chapter 1.cpp(513,25): warning C4305: 'argument': truncation from 'double' to 'GLfloat'
E:\Studies\TARUC\Degree\Year 2\Year 2 Sem 1\Graphics Programming\Practical\Code\Practical 1\Practical Exercise Chapter 1.cpp(515,15): warning C4244: '=': conversion from 'double' to 'float', possible loss of data
E:\Studies\TARUC\Degree\Year 2\Year 2 Sem 1\Graphics Programming\Practical\Code\Practical 1\Practical Exercise Chapter 1.cpp(516,13): warning C4244: '=': conversion from 'double' to 'float', possible loss of data
E:\Studies\TARUC\Degree\Year 2\Year 2 Sem 1\Graphics Programming\Practical\Code\Practical 1\Practical Exercise Chapter 1.cpp(524,25): warning C4305: 'argument': truncation from 'double' to 'GLfloat'
E:\Studies\TARUC\Degree\Year 2\Year 2 Sem 1\Graphics Programming\Practical\Code\Practical 1\Practical Exercise Chapter 1.cpp(526,14): warning C4244: '=': conversion from 'double' to 'float', possible loss of data
E:\Studies\TARUC\Degree\Year 2\Year 2 Sem 1\Graphics Programming\Practical\Code\Practical 1\Practical Exercise Chapter 1.cpp(527,14): warning C4244: '=': conversion from 'double' to 'float', possible loss of data
E:\Studies\TARUC\Degree\Year 2\Year 2 Sem 1\Graphics Programming\Practical\Code\Practical 1\Practical Exercise Chapter 1.cpp(535,24): warning C4305: 'argument': truncation from 'double' to 'GLfloat'
E:\Studies\TARUC\Degree\Year 2\Year 2 Sem 1\Graphics Programming\Practical\Code\Practical 1\Practical Exercise Chapter 1.cpp(537,14): warning C4244: '=': conversion from 'double' to 'float', possible loss of data
E:\Studies\TARUC\Degree\Year 2\Year 2 Sem 1\Graphics Programming\Practical\Code\Practical 1\Practical Exercise Chapter 1.cpp(538,13): warning C4244: '=': conversion from 'double' to 'float', possible loss of data
E:\Studies\TARUC\Degree\Year 2\Year 2 Sem 1\Graphics Programming\Practical\Code\Practical 1\Practical Exercise Chapter 1.cpp(546,27): warning C4305: 'argument': truncation from 'double' to 'GLfloat'
E:\Studies\TARUC\Degree\Year 2\Year 2 Sem 1\Graphics Programming\Practical\Code\Practical 1\Practical Exercise Chapter 1.cpp(548,15): warning C4244: '=': conversion from 'double' to 'float', possible loss of data
E:\Studies\TARUC\Degree\Year 2\Year 2 Sem 1\Graphics Programming\Practical\Code\Practical 1\Practical Exercise Chapter 1.cpp(549,15): warning C4244: '=': conversion from 'double' to 'float', possible loss of data
E:\Studies\TARUC\Degree\Year 2\Year 2 Sem 1\Graphics Programming\Practical\Code\Practical 1\Practical Exercise Chapter 1.cpp(557,26): warning C4305: 'argument': truncation from 'double' to 'GLfloat'
E:\Studies\TARUC\Degree\Year 2\Year 2 Sem 1\Graphics Programming\Practical\Code\Practical 1\Practical Exercise Chapter 1.cpp(559,14): warning C4244: '=': conversion from 'double' to 'float', possible loss of data
E:\Studies\TARUC\Degree\Year 2\Year 2 Sem 1\Graphics Programming\Practical\Code\Practical 1\Practical Exercise Chapter 1.cpp(560,15): warning C4244: '=': conversion from 'double' to 'float', possible loss of data
E:\Studies\TARUC\Degree\Year 2\Year 2 Sem 1\Graphics Programming\Practical\Code\Practical 1\Practical Exercise Chapter 1.cpp(580,31): warning C4305: 'argument': truncation from 'double' to 'GLfloat'
E:\Studies\TARUC\Degree\Year 2\Year 2 Sem 1\Graphics Programming\Practical\Code\Practical 1\Practical Exercise Chapter 1.cpp(581,25): warning C4305: 'argument': truncation from 'double' to 'GLfloat'
E:\Studies\TARUC\Degree\Year 2\Year 2 Sem 1\Graphics Programming\Practical\Code\Practical 1\Practical Exercise Chapter 1.cpp(582,24): warning C4305: 'argument': truncation from 'double' to 'GLfloat'
E:\Studies\TARUC\Degree\Year 2\Year 2 Sem 1\Graphics Programming\Practical\Code\Practical 1\Practical Exercise Chapter 1.cpp(583,20): warning C4305: 'argument': truncation from 'double' to 'GLfloat'
E:\Studies\TARUC\Degree\Year 2\Year 2 Sem 1\Graphics Programming\Practical\Code\Practical 1\Practical Exercise Chapter 1.cpp(590,23): warning C4305: 'argument': truncation from 'double' to 'GLfloat'
E:\Studies\TARUC\Degree\Year 2\Year 2 Sem 1\Graphics Programming\Practical\Code\Practical 1\Practical Exercise Chapter 1.cpp(591,24): warning C4305: 'argument': truncation from 'double' to 'GLfloat'
E:\Studies\TARUC\Degree\Year 2\Year 2 Sem 1\Graphics Programming\Practical\Code\Practical 1\Practical Exercise Chapter 1.cpp(592,22): warning C4305: 'argument': truncation from 'double' to 'GLfloat'
E:\Studies\TARUC\Degree\Year 2\Year 2 Sem 1\Graphics Programming\Practical\Code\Practical 1\Practical Exercise Chapter 1.cpp(597,25): warning C4305: 'argument': truncation from 'double' to 'GLfloat'
E:\Studies\TARUC\Degree\Year 2\Year 2 Sem 1\Graphics Programming\Practical\Code\Practical 1\Practical Exercise Chapter 1.cpp(599,15): warning C4244: '=': conversion from 'double' to 'float', possible loss of data
E:\Studies\TARUC\Degree\Year 2\Year 2 Sem 1\Graphics Programming\Practical\Code\Practical 1\Practical Exercise Chapter 1.cpp(600,13): warning C4244: '=': conversion from 'double' to 'float', possible loss of data
E:\Studies\TARUC\Degree\Year 2\Year 2 Sem 1\Graphics Programming\Practical\Code\Practical 1\Practical Exercise Chapter 1.cpp(609,22): warning C4305: 'argument': truncation from 'double' to 'GLfloat'
E:\Studies\TARUC\Degree\Year 2\Year 2 Sem 1\Graphics Programming\Practical\Code\Practical 1\Practical Exercise Chapter 1.cpp(610,23): warning C4305: 'argument': truncation from 'double' to 'GLfloat'
E:\Studies\TARUC\Degree\Year 2\Year 2 Sem 1\Graphics Programming\Practical\Code\Practical 1\Practical Exercise Chapter 1.cpp(611,21): warning C4305: 'argument': truncation from 'double' to 'GLfloat'
E:\Studies\TARUC\Degree\Year 2\Year 2 Sem 1\Graphics Programming\Practical\Code\Practical 1\Practical Exercise Chapter 1.cpp(616,24): warning C4305: 'argument': truncation from 'double' to 'GLfloat'
E:\Studies\TARUC\Degree\Year 2\Year 2 Sem 1\Graphics Programming\Practical\Code\Practical 1\Practical Exercise Chapter 1.cpp(618,14): warning C4244: '=': conversion from 'double' to 'float', possible loss of data
E:\Studies\TARUC\Degree\Year 2\Year 2 Sem 1\Graphics Programming\Practical\Code\Practical 1\Practical Exercise Chapter 1.cpp(619,13): warning C4244: '=': conversion from 'double' to 'float', possible loss of data
E:\Studies\TARUC\Degree\Year 2\Year 2 Sem 1\Graphics Programming\Practical\Code\Practical 1\Practical Exercise Chapter 1.cpp(628,24): warning C4305: 'argument': truncation from 'double' to 'GLfloat'
E:\Studies\TARUC\Degree\Year 2\Year 2 Sem 1\Graphics Programming\Practical\Code\Practical 1\Practical Exercise Chapter 1.cpp(630,27): warning C4305: 'argument': truncation from 'double' to 'GLfloat'
E:\Studies\TARUC\Degree\Year 2\Year 2 Sem 1\Graphics Programming\Practical\Code\Practical 1\Practical Exercise Chapter 1.cpp(631,20): warning C4305: 'argument': truncation from 'double' to 'GLfloat'
E:\Studies\TARUC\Degree\Year 2\Year 2 Sem 1\Graphics Programming\Practical\Code\Practical 1\Practical Exercise Chapter 1.cpp(633,10): warning C4244: '=': conversion from 'double' to 'float', possible loss of data
E:\Studies\TARUC\Degree\Year 2\Year 2 Sem 1\Graphics Programming\Practical\Code\Practical 1\Practical Exercise Chapter 1.cpp(634,13): warning C4244: '=': conversion from 'double' to 'float', possible loss of data
E:\Studies\TARUC\Degree\Year 2\Year 2 Sem 1\Graphics Programming\Practical\Code\Practical 1\Practical Exercise Chapter 1.cpp(644,23): warning C4305: 'argument': truncation from 'double' to 'GLfloat'
E:\Studies\TARUC\Degree\Year 2\Year 2 Sem 1\Graphics Programming\Practical\Code\Practical 1\Practical Exercise Chapter 1.cpp(645,24): warning C4305: 'argument': truncation from 'double' to 'GLfloat'
E:\Studies\TARUC\Degree\Year 2\Year 2 Sem 1\Graphics Programming\Practical\Code\Practical 1\Practical Exercise Chapter 1.cpp(646,20): warning C4305: 'argument': truncation from 'double' to 'GLfloat'
E:\Studies\TARUC\Degree\Year 2\Year 2 Sem 1\Graphics Programming\Practical\Code\Practical 1\Practical Exercise Chapter 1.cpp(647,23): warning C4305: 'argument': truncation from 'double' to 'GLfloat'
E:\Studies\TARUC\Degree\Year 2\Year 2 Sem 1\Graphics Programming\Practical\Code\Practical 1\Practical Exercise Chapter 1.cpp(648,22): warning C4305: 'argument': truncation from 'double' to 'GLfloat'
E:\Studies\TARUC\Degree\Year 2\Year 2 Sem 1\Graphics Programming\Practical\Code\Practical 1\Practical Exercise Chapter 1.cpp(655,20): warning C4305: 'argument': truncation from 'double' to 'GLfloat'
E:\Studies\TARUC\Degree\Year 2\Year 2 Sem 1\Graphics Programming\Practical\Code\Practical 1\Practical Exercise Chapter 1.cpp(656,20): warning C4305: 'argument': truncation from 'double' to 'GLfloat'
E:\Studies\TARUC\Degree\Year 2\Year 2 Sem 1\Graphics Programming\Practical\Code\Practical 1\Practical Exercise Chapter 1.cpp(663,15): warning C4305: 'initializing': truncation from 'double' to 'float'
E:\Studies\TARUC\Degree\Year 2\Year 2 Sem 1\Graphics Programming\Practical\Code\Practical 1\Practical Exercise Chapter 1.cpp(665,19): warning C4305: 'initializing': truncation from 'double' to 'float'
E:\Studies\TARUC\Degree\Year 2\Year 2 Sem 1\Graphics Programming\Practical\Code\Practical 1\Practical Exercise Chapter 1.cpp(674,31): warning C4305: 'argument': truncation from 'double' to 'GLfloat'
E:\Studies\TARUC\Degree\Year 2\Year 2 Sem 1\Graphics Programming\Practical\Code\Practical 1\Practical Exercise Chapter 1.cpp(677,10): warning C4244: '=': conversion from 'double' to 'float', possible loss of data
E:\Studies\TARUC\Degree\Year 2\Year 2 Sem 1\Graphics Programming\Practical\Code\Practical 1\Practical Exercise Chapter 1.cpp(678,10): warning C4244: '=': conversion from 'double' to 'float', possible loss of data
E:\Studies\TARUC\Degree\Year 2\Year 2 Sem 1\Graphics Programming\Practical\Code\Practical 1\Practical Exercise Chapter 1.cpp(686,26): warning C4305: 'argument': truncation from 'double' to 'GLfloat'
E:\Studies\TARUC\Degree\Year 2\Year 2 Sem 1\Graphics Programming\Practical\Code\Practical 1\Practical Exercise Chapter 1.cpp(688,15): warning C4244: '=': conversion from 'double' to 'float', possible loss of data
E:\Studies\TARUC\Degree\Year 2\Year 2 Sem 1\Graphics Programming\Practical\Code\Practical 1\Practical Exercise Chapter 1.cpp(689,14): warning C4244: '=': conversion from 'double' to 'float', possible loss of data
E:\Studies\TARUC\Degree\Year 2\Year 2 Sem 1\Graphics Programming\Practical\Code\Practical 1\Practical Exercise Chapter 1.cpp(697,25): warning C4305: 'argument': truncation from 'double' to 'GLfloat'
E:\Studies\TARUC\Degree\Year 2\Year 2 Sem 1\Graphics Programming\Practical\Code\Practical 1\Practical Exercise Chapter 1.cpp(699,15): warning C4244: '=': conversion from 'double' to 'float', possible loss of data
E:\Studies\TARUC\Degree\Year 2\Year 2 Sem 1\Graphics Programming\Practical\Code\Practical 1\Practical Exercise Chapter 1.cpp(700,13): warning C4244: '=': conversion from 'double' to 'float', possible loss of data
E:\Studies\TARUC\Degree\Year 2\Year 2 Sem 1\Graphics Programming\Practical\Code\Practical 1\Practical Exercise Chapter 1.cpp(708,25): warning C4305: 'argument': truncation from 'double' to 'GLfloat'
E:\Studies\TARUC\Degree\Year 2\Year 2 Sem 1\Graphics Programming\Practical\Code\Practical 1\Practical Exercise Chapter 1.cpp(710,14): warning C4244: '=': conversion from 'double' to 'float', possible loss of data
E:\Studies\TARUC\Degree\Year 2\Year 2 Sem 1\Graphics Programming\Practical\Code\Practical 1\Practical Exercise Chapter 1.cpp(711,14): warning C4244: '=': conversion from 'double' to 'float', possible loss of data
E:\Studies\TARUC\Degree\Year 2\Year 2 Sem 1\Graphics Programming\Practical\Code\Practical 1\Practical Exercise Chapter 1.cpp(719,24): warning C4305: 'argument': truncation from 'double' to 'GLfloat'
E:\Studies\TARUC\Degree\Year 2\Year 2 Sem 1\Graphics Programming\Practical\Code\Practical 1\Practical Exercise Chapter 1.cpp(721,14): warning C4244: '=': conversion from 'double' to 'float', possible loss of data
E:\Studies\TARUC\Degree\Year 2\Year 2 Sem 1\Graphics Programming\Practical\Code\Practical 1\Practical Exercise Chapter 1.cpp(722,13): warning C4244: '=': conversion from 'double' to 'float', possible loss of data
E:\Studies\TARUC\Degree\Year 2\Year 2 Sem 1\Graphics Programming\Practical\Code\Practical 1\Practical Exercise Chapter 1.cpp(729,30): warning C4305: 'argument': truncation from 'double' to 'GLfloat'
E:\Studies\TARUC\Degree\Year 2\Year 2 Sem 1\Graphics Programming\Practical\Code\Practical 1\Practical Exercise Chapter 1.cpp(730,27): warning C4305: 'argument': truncation from 'double' to 'GLfloat'
E:\Studies\TARUC\Degree\Year 2\Year 2 Sem 1\Graphics Programming\Practical\Code\Practical 1\Practical Exercise Chapter 1.cpp(732,15): warning C4244: '=': conversion from 'double' to 'float', possible loss of data
E:\Studies\TARUC\Degree\Year 2\Year 2 Sem 1\Graphics Programming\Practical\Code\Practical 1\Practical Exercise Chapter 1.cpp(733,15): warning C4244: '=': conversion from 'double' to 'float', possible loss of data
E:\Studies\TARUC\Degree\Year 2\Year 2 Sem 1\Graphics Programming\Practical\Code\Practical 1\Practical Exercise Chapter 1.cpp(740,30): warning C4305: 'argument': truncation from 'double' to 'GLfloat'
E:\Studies\TARUC\Degree\Year 2\Year 2 Sem 1\Graphics Programming\Practical\Code\Practical 1\Practical Exercise Chapter 1.cpp(741,26): warning C4305: 'argument': truncation from 'double' to 'GLfloat'
E:\Studies\TARUC\Degree\Year 2\Year 2 Sem 1\Graphics Programming\Practical\Code\Practical 1\Practical Exercise Chapter 1.cpp(743,14): warning C4244: '=': conversion from 'double' to 'float', possible loss of data
E:\Studies\TARUC\Degree\Year 2\Year 2 Sem 1\Graphics Programming\Practical\Code\Practical 1\Practical Exercise Chapter 1.cpp(744,15): warning C4244: '=': conversion from 'double' to 'float', possible loss of data
E:\Studies\TARUC\Degree\Year 2\Year 2 Sem 1\Graphics Programming\Practical\Code\Practical 1\Practical Exercise Chapter 1.cpp(753,31): warning C4305: 'argument': truncation from 'double' to 'GLfloat'
E:\Studies\TARUC\Degree\Year 2\Year 2 Sem 1\Graphics Programming\Practical\Code\Practical 1\Practical Exercise Chapter 1.cpp(754,25): warning C4305: 'argument': truncation from 'double' to 'GLfloat'
E:\Studies\TARUC\Degree\Year 2\Year 2 Sem 1\Graphics Programming\Practical\Code\Practical 1\Practical Exercise Chapter 1.cpp(755,24): warning C4305: 'argument': truncation from 'double' to 'GLfloat'
E:\Studies\TARUC\Degree\Year 2\Year 2 Sem 1\Graphics Programming\Practical\Code\Practical 1\Practical Exercise Chapter 1.cpp(756,20): warning C4305: 'argument': truncation from 'double' to 'GLfloat'
E:\Studies\TARUC\Degree\Year 2\Year 2 Sem 1\Graphics Programming\Practical\Code\Practical 1\Practical Exercise Chapter 1.cpp(763,23): warning C4305: 'argument': truncation from 'double' to 'GLfloat'
E:\Studies\TARUC\Degree\Year 2\Year 2 Sem 1\Graphics Programming\Practical\Code\Practical 1\Practical Exercise Chapter 1.cpp(764,24): warning C4305: 'argument': truncation from 'double' to 'GLfloat'
E:\Studies\TARUC\Degree\Year 2\Year 2 Sem 1\Graphics Programming\Practical\Code\Practical 1\Practical Exercise Chapter 1.cpp(765,22): warning C4305: 'argument': truncation from 'double' to 'GLfloat'
E:\Studies\TARUC\Degree\Year 2\Year 2 Sem 1\Graphics Programming\Practical\Code\Practical 1\Practical Exercise Chapter 1.cpp(769,31): warning C4305: 'argument': truncation from 'double' to 'GLfloat'
E:\Studies\TARUC\Degree\Year 2\Year 2 Sem 1\Graphics Programming\Practical\Code\Practical 1\Practical Exercise Chapter 1.cpp(770,25): warning C4305: 'argument': truncation from 'double' to 'GLfloat'
E:\Studies\TARUC\Degree\Year 2\Year 2 Sem 1\Graphics Programming\Practical\Code\Practical 1\Practical Exercise Chapter 1.cpp(772,15): warning C4244: '=': conversion from 'double' to 'float', possible loss of data
E:\Studies\TARUC\Degree\Year 2\Year 2 Sem 1\Graphics Programming\Practical\Code\Practical 1\Practical Exercise Chapter 1.cpp(773,13): warning C4244: '=': conversion from 'double' to 'float', possible loss of data
E:\Studies\TARUC\Degree\Year 2\Year 2 Sem 1\Graphics Programming\Practical\Code\Practical 1\Practical Exercise Chapter 1.cpp(782,22): warning C4305: 'argument': truncation from 'double' to 'GLfloat'
E:\Studies\TARUC\Degree\Year 2\Year 2 Sem 1\Graphics Programming\Practical\Code\Practical 1\Practical Exercise Chapter 1.cpp(783,23): warning C4305: 'argument': truncation from 'double' to 'GLfloat'
E:\Studies\TARUC\Degree\Year 2\Year 2 Sem 1\Graphics Programming\Practical\Code\Practical 1\Practical Exercise Chapter 1.cpp(784,21): warning C4305: 'argument': truncation from 'double' to 'GLfloat'
E:\Studies\TARUC\Degree\Year 2\Year 2 Sem 1\Graphics Programming\Practical\Code\Practical 1\Practical Exercise Chapter 1.cpp(788,31): warning C4305: 'argument': truncation from 'double' to 'GLfloat'
E:\Studies\TARUC\Degree\Year 2\Year 2 Sem 1\Graphics Programming\Practical\Code\Practical 1\Practical Exercise Chapter 1.cpp(789,24): warning C4305: 'argument': truncation from 'double' to 'GLfloat'
E:\Studies\TARUC\Degree\Year 2\Year 2 Sem 1\Graphics Programming\Practical\Code\Practical 1\Practical Exercise Chapter 1.cpp(791,14): warning C4244: '=': conversion from 'double' to 'float', possible loss of data
E:\Studies\TARUC\Degree\Year 2\Year 2 Sem 1\Graphics Programming\Practical\Code\Practical 1\Practical Exercise Chapter 1.cpp(792,13): warning C4244: '=': conversion from 'double' to 'float', possible loss of data
E:\Studies\TARUC\Degree\Year 2\Year 2 Sem 1\Graphics Programming\Practical\Code\Practical 1\Practical Exercise Chapter 1.cpp(803,13): warning C4244: '=': conversion from 'double' to 'float', possible loss of data
E:\Studies\TARUC\Degree\Year 2\Year 2 Sem 1\Graphics Programming\Practical\Code\Practical 1\Practical Exercise Chapter 1.cpp(804,13): warning C4244: '=': conversion from 'double' to 'float', possible loss of data
E:\Studies\TARUC\Degree\Year 2\Year 2 Sem 1\Graphics Programming\Practical\Code\Practical 1\Practical Exercise Chapter 1.cpp(811,25): warning C4305: 'argument': truncation from 'double' to 'GLfloat'
E:\Studies\TARUC\Degree\Year 2\Year 2 Sem 1\Graphics Programming\Practical\Code\Practical 1\Practical Exercise Chapter 1.cpp(815,12): warning C4244: '=': conversion from 'double' to 'float', possible loss of data
E:\Studies\TARUC\Degree\Year 2\Year 2 Sem 1\Graphics Programming\Practical\Code\Practical 1\Practical Exercise Chapter 1.cpp(816,12): warning C4244: '=': conversion from 'double' to 'float', possible loss of data
E:\Studies\TARUC\Degree\Year 2\Year 2 Sem 1\Graphics Programming\Practical\Code\Practical 1\Practical Exercise Chapter 1.cpp(826,22): warning C4305: 'argument': truncation from 'double' to 'GLfloat'
E:\Studies\TARUC\Degree\Year 2\Year 2 Sem 1\Graphics Programming\Practical\Code\Practical 1\Practical Exercise Chapter 1.cpp(827,20): warning C4305: 'argument': truncation from 'double' to 'GLfloat'
E:\Studies\TARUC\Degree\Year 2\Year 2 Sem 1\Graphics Programming\Practical\Code\Practical 1\Practical Exercise Chapter 1.cpp(834,21): warning C4305: 'argument': truncation from 'double' to 'GLfloat'
E:\Studies\TARUC\Degree\Year 2\Year 2 Sem 1\Graphics Programming\Practical\Code\Practical 1\Practical Exercise Chapter 1.cpp(835,19): warning C4305: 'argument': truncation from 'double' to 'GLfloat'
  Practical 1.vcxproj -> E:\Studies\TARUC\Degree\Year 2\Year 2 Sem 1\Graphics Programming\Practical\Code\Practical 1\Debug\Practical 1.exe
