  londonbridge.cpp
E:\Studies\TARUC\Degree\Year 2\Year 2 Sem 1\Graphics Programming\Practical\Code\Practical 5B\londonbridge.cpp(13,41): warning C4305: 'initializing': truncation from 'double' to 'float'
E:\Studies\TARUC\Degree\Year 2\Year 2 Sem 1\Graphics Programming\Practical\Code\Practical 5B\londonbridge.cpp(50,26): warning C4305: '+=': truncation from 'double' to 'float'
E:\Studies\TARUC\Degree\Year 2\Year 2 Sem 1\Graphics Programming\Practical\Code\Practical 5B\londonbridge.cpp(53,25): warning C4305: '-=': truncation from 'double' to 'float'
E:\Studies\TARUC\Degree\Year 2\Year 2 Sem 1\Graphics Programming\Practical\Code\Practical 5B\londonbridge.cpp(56,25): warning C4305: '-=': truncation from 'double' to 'float'
E:\Studies\TARUC\Degree\Year 2\Year 2 Sem 1\Graphics Programming\Practical\Code\Practical 5B\londonbridge.cpp(59,26): warning C4305: '+=': truncation from 'double' to 'float'
E:\Studies\TARUC\Degree\Year 2\Year 2 Sem 1\Graphics Programming\Practical\Code\Practical 5B\londonbridge.cpp(237,27): warning C4305: 'argument': truncation from 'double' to 'GLfloat'
E:\Studies\TARUC\Degree\Year 2\Year 2 Sem 1\Graphics Programming\Practical\Code\Practical 5B\londonbridge.cpp(240,27): warning C4305: 'argument': truncation from 'double' to 'GLfloat'
E:\Studies\TARUC\Degree\Year 2\Year 2 Sem 1\Graphics Programming\Practical\Code\Practical 5B\londonbridge.cpp(247,30): warning C4305: 'argument': truncation from 'double' to 'GLfloat'
E:\Studies\TARUC\Degree\Year 2\Year 2 Sem 1\Graphics Programming\Practical\Code\Practical 5B\londonbridge.cpp(248,27): warning C4305: 'argument': truncation from 'double' to 'GLfloat'
E:\Studies\TARUC\Degree\Year 2\Year 2 Sem 1\Graphics Programming\Practical\Code\Practical 5B\londonbridge.cpp(249,20): warning C4305: 'argument': truncation from 'double' to 'float'
E:\Studies\TARUC\Degree\Year 2\Year 2 Sem 1\Graphics Programming\Practical\Code\Practical 5B\londonbridge.cpp(251,24): warning C4305: 'argument': truncation from 'double' to 'float'
E:\Studies\TARUC\Degree\Year 2\Year 2 Sem 1\Graphics Programming\Practical\Code\Practical 5B\londonbridge.cpp(255,28): warning C4305: 'argument': truncation from 'double' to 'GLfloat'
E:\Studies\TARUC\Degree\Year 2\Year 2 Sem 1\Graphics Programming\Practical\Code\Practical 5B\londonbridge.cpp(256,27): warning C4305: 'argument': truncation from 'double' to 'GLfloat'
E:\Studies\TARUC\Degree\Year 2\Year 2 Sem 1\Graphics Programming\Practical\Code\Practical 5B\londonbridge.cpp(257,20): warning C4305: 'argument': truncation from 'double' to 'float'
E:\Studies\TARUC\Degree\Year 2\Year 2 Sem 1\Graphics Programming\Practical\Code\Practical 5B\londonbridge.cpp(259,24): warning C4305: 'argument': truncation from 'double' to 'float'
E:\Studies\TARUC\Degree\Year 2\Year 2 Sem 1\Graphics Programming\Practical\Code\Practical 5B\londonbridge.cpp(267,25): warning C4305: 'argument': truncation from 'double' to 'GLfloat'
E:\Studies\TARUC\Degree\Year 2\Year 2 Sem 1\Graphics Programming\Practical\Code\Practical 5B\londonbridge.cpp(268,28): warning C4305: 'argument': truncation from 'double' to 'GLfloat'
E:\Studies\TARUC\Degree\Year 2\Year 2 Sem 1\Graphics Programming\Practical\Code\Practical 5B\londonbridge.cpp(269,25): warning C4305: 'argument': truncation from 'double' to 'GLfloat'
E:\Studies\TARUC\Degree\Year 2\Year 2 Sem 1\Graphics Programming\Practical\Code\Practical 5B\londonbridge.cpp(270,29): warning C4305: 'argument': truncation from 'double' to 'float'
E:\Studies\TARUC\Degree\Year 2\Year 2 Sem 1\Graphics Programming\Practical\Code\Practical 5B\londonbridge.cpp(274,25): warning C4305: 'argument': truncation from 'double' to 'GLfloat'
E:\Studies\TARUC\Degree\Year 2\Year 2 Sem 1\Graphics Programming\Practical\Code\Practical 5B\londonbridge.cpp(275,28): warning C4305: 'argument': truncation from 'double' to 'GLfloat'
E:\Studies\TARUC\Degree\Year 2\Year 2 Sem 1\Graphics Programming\Practical\Code\Practical 5B\londonbridge.cpp(276,25): warning C4305: 'argument': truncation from 'double' to 'GLfloat'
E:\Studies\TARUC\Degree\Year 2\Year 2 Sem 1\Graphics Programming\Practical\Code\Practical 5B\londonbridge.cpp(277,29): warning C4305: 'argument': truncation from 'double' to 'float'
E:\Studies\TARUC\Degree\Year 2\Year 2 Sem 1\Graphics Programming\Practical\Code\Practical 5B\londonbridge.cpp(281,25): warning C4305: 'argument': truncation from 'double' to 'GLfloat'
E:\Studies\TARUC\Degree\Year 2\Year 2 Sem 1\Graphics Programming\Practical\Code\Practical 5B\londonbridge.cpp(282,28): warning C4305: 'argument': truncation from 'double' to 'GLfloat'
E:\Studies\TARUC\Degree\Year 2\Year 2 Sem 1\Graphics Programming\Practical\Code\Practical 5B\londonbridge.cpp(283,25): warning C4305: 'argument': truncation from 'double' to 'GLfloat'
E:\Studies\TARUC\Degree\Year 2\Year 2 Sem 1\Graphics Programming\Practical\Code\Practical 5B\londonbridge.cpp(284,29): warning C4305: 'argument': truncation from 'double' to 'float'
E:\Studies\TARUC\Degree\Year 2\Year 2 Sem 1\Graphics Programming\Practical\Code\Practical 5B\londonbridge.cpp(288,25): warning C4305: 'argument': truncation from 'double' to 'GLfloat'
E:\Studies\TARUC\Degree\Year 2\Year 2 Sem 1\Graphics Programming\Practical\Code\Practical 5B\londonbridge.cpp(289,28): warning C4305: 'argument': truncation from 'double' to 'GLfloat'
E:\Studies\TARUC\Degree\Year 2\Year 2 Sem 1\Graphics Programming\Practical\Code\Practical 5B\londonbridge.cpp(290,25): warning C4305: 'argument': truncation from 'double' to 'GLfloat'
E:\Studies\TARUC\Degree\Year 2\Year 2 Sem 1\Graphics Programming\Practical\Code\Practical 5B\londonbridge.cpp(291,29): warning C4305: 'argument': truncation from 'double' to 'float'
E:\Studies\TARUC\Degree\Year 2\Year 2 Sem 1\Graphics Programming\Practical\Code\Practical 5B\londonbridge.cpp(299,26): warning C4305: 'argument': truncation from 'double' to 'GLfloat'
E:\Studies\TARUC\Degree\Year 2\Year 2 Sem 1\Graphics Programming\Practical\Code\Practical 5B\londonbridge.cpp(300,28): warning C4305: 'argument': truncation from 'double' to 'GLfloat'
E:\Studies\TARUC\Degree\Year 2\Year 2 Sem 1\Graphics Programming\Practical\Code\Practical 5B\londonbridge.cpp(301,25): warning C4305: 'argument': truncation from 'double' to 'GLfloat'
E:\Studies\TARUC\Degree\Year 2\Year 2 Sem 1\Graphics Programming\Practical\Code\Practical 5B\londonbridge.cpp(302,29): warning C4305: 'argument': truncation from 'double' to 'float'
E:\Studies\TARUC\Degree\Year 2\Year 2 Sem 1\Graphics Programming\Practical\Code\Practical 5B\londonbridge.cpp(306,26): warning C4305: 'argument': truncation from 'double' to 'GLfloat'
E:\Studies\TARUC\Degree\Year 2\Year 2 Sem 1\Graphics Programming\Practical\Code\Practical 5B\londonbridge.cpp(307,28): warning C4305: 'argument': truncation from 'double' to 'GLfloat'
E:\Studies\TARUC\Degree\Year 2\Year 2 Sem 1\Graphics Programming\Practical\Code\Practical 5B\londonbridge.cpp(308,25): warning C4305: 'argument': truncation from 'double' to 'GLfloat'
E:\Studies\TARUC\Degree\Year 2\Year 2 Sem 1\Graphics Programming\Practical\Code\Practical 5B\londonbridge.cpp(309,29): warning C4305: 'argument': truncation from 'double' to 'float'
E:\Studies\TARUC\Degree\Year 2\Year 2 Sem 1\Graphics Programming\Practical\Code\Practical 5B\londonbridge.cpp(313,26): warning C4305: 'argument': truncation from 'double' to 'GLfloat'
E:\Studies\TARUC\Degree\Year 2\Year 2 Sem 1\Graphics Programming\Practical\Code\Practical 5B\londonbridge.cpp(314,28): warning C4305: 'argument': truncation from 'double' to 'GLfloat'
E:\Studies\TARUC\Degree\Year 2\Year 2 Sem 1\Graphics Programming\Practical\Code\Practical 5B\londonbridge.cpp(315,25): warning C4305: 'argument': truncation from 'double' to 'GLfloat'
E:\Studies\TARUC\Degree\Year 2\Year 2 Sem 1\Graphics Programming\Practical\Code\Practical 5B\londonbridge.cpp(316,29): warning C4305: 'argument': truncation from 'double' to 'float'
E:\Studies\TARUC\Degree\Year 2\Year 2 Sem 1\Graphics Programming\Practical\Code\Practical 5B\londonbridge.cpp(320,26): warning C4305: 'argument': truncation from 'double' to 'GLfloat'
E:\Studies\TARUC\Degree\Year 2\Year 2 Sem 1\Graphics Programming\Practical\Code\Practical 5B\londonbridge.cpp(321,28): warning C4305: 'argument': truncation from 'double' to 'GLfloat'
E:\Studies\TARUC\Degree\Year 2\Year 2 Sem 1\Graphics Programming\Practical\Code\Practical 5B\londonbridge.cpp(322,25): warning C4305: 'argument': truncation from 'double' to 'GLfloat'
E:\Studies\TARUC\Degree\Year 2\Year 2 Sem 1\Graphics Programming\Practical\Code\Practical 5B\londonbridge.cpp(323,29): warning C4305: 'argument': truncation from 'double' to 'float'
E:\Studies\TARUC\Degree\Year 2\Year 2 Sem 1\Graphics Programming\Practical\Code\Practical 5B\londonbridge.cpp(328,26): warning C4305: 'argument': truncation from 'double' to 'GLfloat'
E:\Studies\TARUC\Degree\Year 2\Year 2 Sem 1\Graphics Programming\Practical\Code\Practical 5B\londonbridge.cpp(329,26): warning C4305: 'argument': truncation from 'double' to 'GLfloat'
E:\Studies\TARUC\Degree\Year 2\Year 2 Sem 1\Graphics Programming\Practical\Code\Practical 5B\londonbridge.cpp(330,25): warning C4305: 'argument': truncation from 'double' to 'GLfloat'
E:\Studies\TARUC\Degree\Year 2\Year 2 Sem 1\Graphics Programming\Practical\Code\Practical 5B\londonbridge.cpp(331,27): warning C4305: 'argument': truncation from 'double' to 'float'
E:\Studies\TARUC\Degree\Year 2\Year 2 Sem 1\Graphics Programming\Practical\Code\Practical 5B\londonbridge.cpp(352,24): warning C4305: 'argument': truncation from 'double' to 'GLfloat'
E:\Studies\TARUC\Degree\Year 2\Year 2 Sem 1\Graphics Programming\Practical\Code\Practical 5B\londonbridge.cpp(355,27): warning C4305: 'argument': truncation from 'double' to 'GLfloat'
E:\Studies\TARUC\Degree\Year 2\Year 2 Sem 1\Graphics Programming\Practical\Code\Practical 5B\londonbridge.cpp(362,29): warning C4305: 'argument': truncation from 'double' to 'GLfloat'
E:\Studies\TARUC\Degree\Year 2\Year 2 Sem 1\Graphics Programming\Practical\Code\Practical 5B\londonbridge.cpp(363,27): warning C4305: 'argument': truncation from 'double' to 'GLfloat'
E:\Studies\TARUC\Degree\Year 2\Year 2 Sem 1\Graphics Programming\Practical\Code\Practical 5B\londonbridge.cpp(364,20): warning C4305: 'argument': truncation from 'double' to 'float'
E:\Studies\TARUC\Degree\Year 2\Year 2 Sem 1\Graphics Programming\Practical\Code\Practical 5B\londonbridge.cpp(366,24): warning C4305: 'argument': truncation from 'double' to 'float'
E:\Studies\TARUC\Degree\Year 2\Year 2 Sem 1\Graphics Programming\Practical\Code\Practical 5B\londonbridge.cpp(370,28): warning C4305: 'argument': truncation from 'double' to 'GLfloat'
E:\Studies\TARUC\Degree\Year 2\Year 2 Sem 1\Graphics Programming\Practical\Code\Practical 5B\londonbridge.cpp(371,27): warning C4305: 'argument': truncation from 'double' to 'GLfloat'
E:\Studies\TARUC\Degree\Year 2\Year 2 Sem 1\Graphics Programming\Practical\Code\Practical 5B\londonbridge.cpp(372,20): warning C4305: 'argument': truncation from 'double' to 'float'
E:\Studies\TARUC\Degree\Year 2\Year 2 Sem 1\Graphics Programming\Practical\Code\Practical 5B\londonbridge.cpp(374,24): warning C4305: 'argument': truncation from 'double' to 'float'
E:\Studies\TARUC\Degree\Year 2\Year 2 Sem 1\Graphics Programming\Practical\Code\Practical 5B\londonbridge.cpp(380,25): warning C4305: 'argument': truncation from 'double' to 'GLfloat'
E:\Studies\TARUC\Degree\Year 2\Year 2 Sem 1\Graphics Programming\Practical\Code\Practical 5B\londonbridge.cpp(381,27): warning C4305: 'argument': truncation from 'double' to 'GLfloat'
E:\Studies\TARUC\Degree\Year 2\Year 2 Sem 1\Graphics Programming\Practical\Code\Practical 5B\londonbridge.cpp(382,25): warning C4305: 'argument': truncation from 'double' to 'GLfloat'
E:\Studies\TARUC\Degree\Year 2\Year 2 Sem 1\Graphics Programming\Practical\Code\Practical 5B\londonbridge.cpp(383,29): warning C4305: 'argument': truncation from 'double' to 'float'
E:\Studies\TARUC\Degree\Year 2\Year 2 Sem 1\Graphics Programming\Practical\Code\Practical 5B\londonbridge.cpp(387,25): warning C4305: 'argument': truncation from 'double' to 'GLfloat'
E:\Studies\TARUC\Degree\Year 2\Year 2 Sem 1\Graphics Programming\Practical\Code\Practical 5B\londonbridge.cpp(388,27): warning C4305: 'argument': truncation from 'double' to 'GLfloat'
E:\Studies\TARUC\Degree\Year 2\Year 2 Sem 1\Graphics Programming\Practical\Code\Practical 5B\londonbridge.cpp(389,25): warning C4305: 'argument': truncation from 'double' to 'GLfloat'
E:\Studies\TARUC\Degree\Year 2\Year 2 Sem 1\Graphics Programming\Practical\Code\Practical 5B\londonbridge.cpp(390,29): warning C4305: 'argument': truncation from 'double' to 'float'
E:\Studies\TARUC\Degree\Year 2\Year 2 Sem 1\Graphics Programming\Practical\Code\Practical 5B\londonbridge.cpp(394,25): warning C4305: 'argument': truncation from 'double' to 'GLfloat'
E:\Studies\TARUC\Degree\Year 2\Year 2 Sem 1\Graphics Programming\Practical\Code\Practical 5B\londonbridge.cpp(395,27): warning C4305: 'argument': truncation from 'double' to 'GLfloat'
E:\Studies\TARUC\Degree\Year 2\Year 2 Sem 1\Graphics Programming\Practical\Code\Practical 5B\londonbridge.cpp(396,25): warning C4305: 'argument': truncation from 'double' to 'GLfloat'
E:\Studies\TARUC\Degree\Year 2\Year 2 Sem 1\Graphics Programming\Practical\Code\Practical 5B\londonbridge.cpp(397,29): warning C4305: 'argument': truncation from 'double' to 'float'
E:\Studies\TARUC\Degree\Year 2\Year 2 Sem 1\Graphics Programming\Practical\Code\Practical 5B\londonbridge.cpp(401,25): warning C4305: 'argument': truncation from 'double' to 'GLfloat'
E:\Studies\TARUC\Degree\Year 2\Year 2 Sem 1\Graphics Programming\Practical\Code\Practical 5B\londonbridge.cpp(402,27): warning C4305: 'argument': truncation from 'double' to 'GLfloat'
E:\Studies\TARUC\Degree\Year 2\Year 2 Sem 1\Graphics Programming\Practical\Code\Practical 5B\londonbridge.cpp(403,25): warning C4305: 'argument': truncation from 'double' to 'GLfloat'
E:\Studies\TARUC\Degree\Year 2\Year 2 Sem 1\Graphics Programming\Practical\Code\Practical 5B\londonbridge.cpp(404,29): warning C4305: 'argument': truncation from 'double' to 'float'
E:\Studies\TARUC\Degree\Year 2\Year 2 Sem 1\Graphics Programming\Practical\Code\Practical 5B\londonbridge.cpp(411,26): warning C4305: 'argument': truncation from 'double' to 'GLfloat'
E:\Studies\TARUC\Degree\Year 2\Year 2 Sem 1\Graphics Programming\Practical\Code\Practical 5B\londonbridge.cpp(412,27): warning C4305: 'argument': truncation from 'double' to 'GLfloat'
E:\Studies\TARUC\Degree\Year 2\Year 2 Sem 1\Graphics Programming\Practical\Code\Practical 5B\londonbridge.cpp(413,25): warning C4305: 'argument': truncation from 'double' to 'GLfloat'
E:\Studies\TARUC\Degree\Year 2\Year 2 Sem 1\Graphics Programming\Practical\Code\Practical 5B\londonbridge.cpp(414,29): warning C4305: 'argument': truncation from 'double' to 'float'
E:\Studies\TARUC\Degree\Year 2\Year 2 Sem 1\Graphics Programming\Practical\Code\Practical 5B\londonbridge.cpp(418,26): warning C4305: 'argument': truncation from 'double' to 'GLfloat'
E:\Studies\TARUC\Degree\Year 2\Year 2 Sem 1\Graphics Programming\Practical\Code\Practical 5B\londonbridge.cpp(419,27): warning C4305: 'argument': truncation from 'double' to 'GLfloat'
E:\Studies\TARUC\Degree\Year 2\Year 2 Sem 1\Graphics Programming\Practical\Code\Practical 5B\londonbridge.cpp(420,25): warning C4305: 'argument': truncation from 'double' to 'GLfloat'
E:\Studies\TARUC\Degree\Year 2\Year 2 Sem 1\Graphics Programming\Practical\Code\Practical 5B\londonbridge.cpp(421,29): warning C4305: 'argument': truncation from 'double' to 'float'
E:\Studies\TARUC\Degree\Year 2\Year 2 Sem 1\Graphics Programming\Practical\Code\Practical 5B\londonbridge.cpp(425,26): warning C4305: 'argument': truncation from 'double' to 'GLfloat'
E:\Studies\TARUC\Degree\Year 2\Year 2 Sem 1\Graphics Programming\Practical\Code\Practical 5B\londonbridge.cpp(426,27): warning C4305: 'argument': truncation from 'double' to 'GLfloat'
E:\Studies\TARUC\Degree\Year 2\Year 2 Sem 1\Graphics Programming\Practical\Code\Practical 5B\londonbridge.cpp(427,25): warning C4305: 'argument': truncation from 'double' to 'GLfloat'
E:\Studies\TARUC\Degree\Year 2\Year 2 Sem 1\Graphics Programming\Practical\Code\Practical 5B\londonbridge.cpp(428,29): warning C4305: 'argument': truncation from 'double' to 'float'
E:\Studies\TARUC\Degree\Year 2\Year 2 Sem 1\Graphics Programming\Practical\Code\Practical 5B\londonbridge.cpp(432,26): warning C4305: 'argument': truncation from 'double' to 'GLfloat'
E:\Studies\TARUC\Degree\Year 2\Year 2 Sem 1\Graphics Programming\Practical\Code\Practical 5B\londonbridge.cpp(433,27): warning C4305: 'argument': truncation from 'double' to 'GLfloat'
E:\Studies\TARUC\Degree\Year 2\Year 2 Sem 1\Graphics Programming\Practical\Code\Practical 5B\londonbridge.cpp(434,25): warning C4305: 'argument': truncation from 'double' to 'GLfloat'
E:\Studies\TARUC\Degree\Year 2\Year 2 Sem 1\Graphics Programming\Practical\Code\Practical 5B\londonbridge.cpp(435,29): warning C4305: 'argument': truncation from 'double' to 'float'
E:\Studies\TARUC\Degree\Year 2\Year 2 Sem 1\Graphics Programming\Practical\Code\Practical 5B\londonbridge.cpp(440,26): warning C4305: 'argument': truncation from 'double' to 'GLfloat'
E:\Studies\TARUC\Degree\Year 2\Year 2 Sem 1\Graphics Programming\Practical\Code\Practical 5B\londonbridge.cpp(441,27): warning C4305: 'argument': truncation from 'double' to 'GLfloat'
E:\Studies\TARUC\Degree\Year 2\Year 2 Sem 1\Graphics Programming\Practical\Code\Practical 5B\londonbridge.cpp(442,25): warning C4305: 'argument': truncation from 'double' to 'GLfloat'
E:\Studies\TARUC\Degree\Year 2\Year 2 Sem 1\Graphics Programming\Practical\Code\Practical 5B\londonbridge.cpp(443,27): warning C4305: 'argument': truncation from 'double' to 'float'
E:\Studies\TARUC\Degree\Year 2\Year 2 Sem 1\Graphics Programming\Practical\Code\Practical 5B\londonbridge.cpp(453,27): warning C4305: 'argument': truncation from 'double' to 'GLfloat'
E:\Studies\TARUC\Degree\Year 2\Year 2 Sem 1\Graphics Programming\Practical\Code\Practical 5B\londonbridge.cpp(454,25): warning C4305: 'argument': truncation from 'double' to 'GLfloat'
E:\Studies\TARUC\Degree\Year 2\Year 2 Sem 1\Graphics Programming\Practical\Code\Practical 5B\londonbridge.cpp(455,18): warning C4305: 'argument': truncation from 'double' to 'float'
E:\Studies\TARUC\Degree\Year 2\Year 2 Sem 1\Graphics Programming\Practical\Code\Practical 5B\londonbridge.cpp(463,28): warning C4305: 'argument': truncation from 'double' to 'GLfloat'
E:\Studies\TARUC\Degree\Year 2\Year 2 Sem 1\Graphics Programming\Practical\Code\Practical 5B\londonbridge.cpp(464,25): warning C4305: 'argument': truncation from 'double' to 'GLfloat'
E:\Studies\TARUC\Degree\Year 2\Year 2 Sem 1\Graphics Programming\Practical\Code\Practical 5B\londonbridge.cpp(465,20): warning C4305: 'argument': truncation from 'double' to 'float'
E:\Studies\TARUC\Degree\Year 2\Year 2 Sem 1\Graphics Programming\Practical\Code\Practical 5B\londonbridge.cpp(469,29): warning C4305: 'argument': truncation from 'double' to 'GLfloat'
E:\Studies\TARUC\Degree\Year 2\Year 2 Sem 1\Graphics Programming\Practical\Code\Practical 5B\londonbridge.cpp(471,25): warning C4305: 'argument': truncation from 'double' to 'GLfloat'
E:\Studies\TARUC\Degree\Year 2\Year 2 Sem 1\Graphics Programming\Practical\Code\Practical 5B\londonbridge.cpp(472,20): warning C4305: 'argument': truncation from 'double' to 'float'
E:\Studies\TARUC\Degree\Year 2\Year 2 Sem 1\Graphics Programming\Practical\Code\Practical 5B\londonbridge.cpp(478,31): warning C4305: 'argument': truncation from 'double' to 'GLfloat'
E:\Studies\TARUC\Degree\Year 2\Year 2 Sem 1\Graphics Programming\Practical\Code\Practical 5B\londonbridge.cpp(479,25): warning C4305: 'argument': truncation from 'double' to 'GLfloat'
E:\Studies\TARUC\Degree\Year 2\Year 2 Sem 1\Graphics Programming\Practical\Code\Practical 5B\londonbridge.cpp(480,20): warning C4305: 'argument': truncation from 'double' to 'float'
E:\Studies\TARUC\Degree\Year 2\Year 2 Sem 1\Graphics Programming\Practical\Code\Practical 5B\londonbridge.cpp(485,32): warning C4305: 'argument': truncation from 'double' to 'GLfloat'
E:\Studies\TARUC\Degree\Year 2\Year 2 Sem 1\Graphics Programming\Practical\Code\Practical 5B\londonbridge.cpp(487,25): warning C4305: 'argument': truncation from 'double' to 'GLfloat'
E:\Studies\TARUC\Degree\Year 2\Year 2 Sem 1\Graphics Programming\Practical\Code\Practical 5B\londonbridge.cpp(488,20): warning C4305: 'argument': truncation from 'double' to 'float'
E:\Studies\TARUC\Degree\Year 2\Year 2 Sem 1\Graphics Programming\Practical\Code\Practical 5B\londonbridge.cpp(501,24): warning C4305: 'argument': truncation from 'double' to 'GLfloat'
E:\Studies\TARUC\Degree\Year 2\Year 2 Sem 1\Graphics Programming\Practical\Code\Practical 5B\londonbridge.cpp(529,33): warning C4305: 'argument': truncation from 'double' to 'GLclampf'
  Practical 5B.vcxproj -> E:\Studies\TARUC\Degree\Year 2\Year 2 Sem 1\Graphics Programming\Practical\Code\Practical 5B\Debug\Practical 5B.exe
