  main.cpp
E:\Studies\TARUC\Degree\Year 2\Year 2 Sem 1\Graphics Programming\Practical\Code\Practical 3\main.cpp(16,24): warning C4305: 'initializing': truncation from 'double' to 'float'
E:\Studies\TARUC\Degree\Year 2\Year 2 Sem 1\Graphics Programming\Practical\Code\Practical 3\main.cpp(47,29): warning C4305: 'argument': truncation from 'double' to 'GLfloat'
E:\Studies\TARUC\Degree\Year 2\Year 2 Sem 1\Graphics Programming\Practical\Code\Practical 3\main.cpp(49,13): warning C4244: 'argument': conversion from 'int' to 'GLfloat', possible loss of data
E:\Studies\TARUC\Degree\Year 2\Year 2 Sem 1\Graphics Programming\Practical\Code\Practical 3\main.cpp(52,25): warning C4305: 'argument': truncation from 'double' to 'GLfloat'
E:\Studies\TARUC\Degree\Year 2\Year 2 Sem 1\Graphics Programming\Practical\Code\Practical 3\main.cpp(53,13): warning C4244: 'argument': conversion from 'int' to 'GLfloat', possible loss of data
E:\Studies\TARUC\Degree\Year 2\Year 2 Sem 1\Graphics Programming\Practical\Code\Practical 3\main.cpp(56,30): warning C4305: 'argument': truncation from 'double' to 'GLfloat'
E:\Studies\TARUC\Degree\Year 2\Year 2 Sem 1\Graphics Programming\Practical\Code\Practical 3\main.cpp(57,13): warning C4244: 'argument': conversion from 'int' to 'GLfloat', possible loss of data
E:\Studies\TARUC\Degree\Year 2\Year 2 Sem 1\Graphics Programming\Practical\Code\Practical 3\main.cpp(60,25): warning C4305: 'argument': truncation from 'double' to 'GLfloat'
E:\Studies\TARUC\Degree\Year 2\Year 2 Sem 1\Graphics Programming\Practical\Code\Practical 3\main.cpp(79,20): warning C4244: '+=': conversion from 'double' to 'float', possible loss of data
E:\Studies\TARUC\Degree\Year 2\Year 2 Sem 1\Graphics Programming\Practical\Code\Practical 3\main.cpp(82,26): warning C4305: 'argument': truncation from 'double' to 'GLfloat'
E:\Studies\TARUC\Degree\Year 2\Year 2 Sem 1\Graphics Programming\Practical\Code\Practical 3\main.cpp(87,24): warning C4305: 'argument': truncation from 'double' to 'GLfloat'
E:\Studies\TARUC\Degree\Year 2\Year 2 Sem 1\Graphics Programming\Practical\Code\Practical 3\main.cpp(88,24): warning C4305: 'argument': truncation from 'double' to 'GLfloat'
E:\Studies\TARUC\Degree\Year 2\Year 2 Sem 1\Graphics Programming\Practical\Code\Practical 3\main.cpp(89,24): warning C4305: 'argument': truncation from 'double' to 'GLfloat'
E:\Studies\TARUC\Degree\Year 2\Year 2 Sem 1\Graphics Programming\Practical\Code\Practical 3\main.cpp(90,24): warning C4305: 'argument': truncation from 'double' to 'GLfloat'
E:\Studies\TARUC\Degree\Year 2\Year 2 Sem 1\Graphics Programming\Practical\Code\Practical 3\main.cpp(96,25): warning C4305: 'argument': truncation from 'double' to 'GLfloat'
E:\Studies\TARUC\Degree\Year 2\Year 2 Sem 1\Graphics Programming\Practical\Code\Practical 3\main.cpp(97,25): warning C4305: 'argument': truncation from 'double' to 'GLfloat'
E:\Studies\TARUC\Degree\Year 2\Year 2 Sem 1\Graphics Programming\Practical\Code\Practical 3\main.cpp(98,25): warning C4305: 'argument': truncation from 'double' to 'GLfloat'
E:\Studies\TARUC\Degree\Year 2\Year 2 Sem 1\Graphics Programming\Practical\Code\Practical 3\main.cpp(99,25): warning C4305: 'argument': truncation from 'double' to 'GLfloat'
E:\Studies\TARUC\Degree\Year 2\Year 2 Sem 1\Graphics Programming\Practical\Code\Practical 3\main.cpp(105,25): warning C4305: 'argument': truncation from 'double' to 'GLfloat'
E:\Studies\TARUC\Degree\Year 2\Year 2 Sem 1\Graphics Programming\Practical\Code\Practical 3\main.cpp(106,25): warning C4305: 'argument': truncation from 'double' to 'GLfloat'
E:\Studies\TARUC\Degree\Year 2\Year 2 Sem 1\Graphics Programming\Practical\Code\Practical 3\main.cpp(107,25): warning C4305: 'argument': truncation from 'double' to 'GLfloat'
E:\Studies\TARUC\Degree\Year 2\Year 2 Sem 1\Graphics Programming\Practical\Code\Practical 3\main.cpp(108,25): warning C4305: 'argument': truncation from 'double' to 'GLfloat'
E:\Studies\TARUC\Degree\Year 2\Year 2 Sem 1\Graphics Programming\Practical\Code\Practical 3\main.cpp(113,25): warning C4305: 'argument': truncation from 'double' to 'GLfloat'
E:\Studies\TARUC\Degree\Year 2\Year 2 Sem 1\Graphics Programming\Practical\Code\Practical 3\main.cpp(114,25): warning C4305: 'argument': truncation from 'double' to 'GLfloat'
E:\Studies\TARUC\Degree\Year 2\Year 2 Sem 1\Graphics Programming\Practical\Code\Practical 3\main.cpp(115,24): warning C4305: 'argument': truncation from 'double' to 'GLfloat'
E:\Studies\TARUC\Degree\Year 2\Year 2 Sem 1\Graphics Programming\Practical\Code\Practical 3\main.cpp(116,24): warning C4305: 'argument': truncation from 'double' to 'GLfloat'
E:\Studies\TARUC\Degree\Year 2\Year 2 Sem 1\Graphics Programming\Practical\Code\Practical 3\main.cpp(123,25): warning C4305: 'argument': truncation from 'double' to 'GLfloat'
E:\Studies\TARUC\Degree\Year 2\Year 2 Sem 1\Graphics Programming\Practical\Code\Practical 3\main.cpp(124,24): warning C4305: 'argument': truncation from 'double' to 'GLfloat'
E:\Studies\TARUC\Degree\Year 2\Year 2 Sem 1\Graphics Programming\Practical\Code\Practical 3\main.cpp(128,25): warning C4305: 'argument': truncation from 'double' to 'GLfloat'
E:\Studies\TARUC\Degree\Year 2\Year 2 Sem 1\Graphics Programming\Practical\Code\Practical 3\main.cpp(129,24): warning C4305: 'argument': truncation from 'double' to 'GLfloat'
E:\Studies\TARUC\Degree\Year 2\Year 2 Sem 1\Graphics Programming\Practical\Code\Practical 3\main.cpp(133,24): warning C4305: 'argument': truncation from 'double' to 'GLfloat'
E:\Studies\TARUC\Degree\Year 2\Year 2 Sem 1\Graphics Programming\Practical\Code\Practical 3\main.cpp(134,24): warning C4305: 'argument': truncation from 'double' to 'GLfloat'
E:\Studies\TARUC\Degree\Year 2\Year 2 Sem 1\Graphics Programming\Practical\Code\Practical 3\main.cpp(138,25): warning C4305: 'argument': truncation from 'double' to 'GLfloat'
E:\Studies\TARUC\Degree\Year 2\Year 2 Sem 1\Graphics Programming\Practical\Code\Practical 3\main.cpp(139,24): warning C4305: 'argument': truncation from 'double' to 'GLfloat'
E:\Studies\TARUC\Degree\Year 2\Year 2 Sem 1\Graphics Programming\Practical\Code\Practical 3\main.cpp(143,25): warning C4305: 'argument': truncation from 'double' to 'GLfloat'
E:\Studies\TARUC\Degree\Year 2\Year 2 Sem 1\Graphics Programming\Practical\Code\Practical 3\main.cpp(144,24): warning C4305: 'argument': truncation from 'double' to 'GLfloat'
E:\Studies\TARUC\Degree\Year 2\Year 2 Sem 1\Graphics Programming\Practical\Code\Practical 3\main.cpp(148,25): warning C4305: 'argument': truncation from 'double' to 'GLfloat'
E:\Studies\TARUC\Degree\Year 2\Year 2 Sem 1\Graphics Programming\Practical\Code\Practical 3\main.cpp(149,25): warning C4305: 'argument': truncation from 'double' to 'GLfloat'
E:\Studies\TARUC\Degree\Year 2\Year 2 Sem 1\Graphics Programming\Practical\Code\Practical 3\main.cpp(153,25): warning C4305: 'argument': truncation from 'double' to 'GLfloat'
E:\Studies\TARUC\Degree\Year 2\Year 2 Sem 1\Graphics Programming\Practical\Code\Practical 3\main.cpp(154,24): warning C4305: 'argument': truncation from 'double' to 'GLfloat'
E:\Studies\TARUC\Degree\Year 2\Year 2 Sem 1\Graphics Programming\Practical\Code\Practical 3\main.cpp(158,24): warning C4305: 'argument': truncation from 'double' to 'GLfloat'
E:\Studies\TARUC\Degree\Year 2\Year 2 Sem 1\Graphics Programming\Practical\Code\Practical 3\main.cpp(159,23): warning C4305: 'argument': truncation from 'double' to 'GLfloat'
E:\Studies\TARUC\Degree\Year 2\Year 2 Sem 1\Graphics Programming\Practical\Code\Practical 3\main.cpp(163,25): warning C4305: 'argument': truncation from 'double' to 'GLfloat'
E:\Studies\TARUC\Degree\Year 2\Year 2 Sem 1\Graphics Programming\Practical\Code\Practical 3\main.cpp(164,24): warning C4305: 'argument': truncation from 'double' to 'GLfloat'
E:\Studies\TARUC\Degree\Year 2\Year 2 Sem 1\Graphics Programming\Practical\Code\Practical 3\main.cpp(174,23): warning C4305: 'argument': truncation from 'double' to 'GLfloat'
E:\Studies\TARUC\Degree\Year 2\Year 2 Sem 1\Graphics Programming\Practical\Code\Practical 3\main.cpp(175,23): warning C4305: 'argument': truncation from 'double' to 'GLfloat'
E:\Studies\TARUC\Degree\Year 2\Year 2 Sem 1\Graphics Programming\Practical\Code\Practical 3\main.cpp(176,24): warning C4305: 'argument': truncation from 'double' to 'GLfloat'
E:\Studies\TARUC\Degree\Year 2\Year 2 Sem 1\Graphics Programming\Practical\Code\Practical 3\main.cpp(177,24): warning C4305: 'argument': truncation from 'double' to 'GLfloat'
E:\Studies\TARUC\Degree\Year 2\Year 2 Sem 1\Graphics Programming\Practical\Code\Practical 3\main.cpp(182,26): warning C4305: 'argument': truncation from 'double' to 'GLfloat'
E:\Studies\TARUC\Degree\Year 2\Year 2 Sem 1\Graphics Programming\Practical\Code\Practical 3\main.cpp(183,21): warning C4305: 'argument': truncation from 'double' to 'GLfloat'
E:\Studies\TARUC\Degree\Year 2\Year 2 Sem 1\Graphics Programming\Practical\Code\Practical 3\main.cpp(185,24): warning C4305: 'argument': truncation from 'double' to 'GLfloat'
E:\Studies\TARUC\Degree\Year 2\Year 2 Sem 1\Graphics Programming\Practical\Code\Practical 3\main.cpp(186,24): warning C4305: 'argument': truncation from 'double' to 'GLfloat'
E:\Studies\TARUC\Degree\Year 2\Year 2 Sem 1\Graphics Programming\Practical\Code\Practical 3\main.cpp(187,38): warning C4305: 'argument': truncation from 'double' to 'GLfloat'
E:\Studies\TARUC\Degree\Year 2\Year 2 Sem 1\Graphics Programming\Practical\Code\Practical 3\main.cpp(194,16): warning C4244: 'argument': conversion from 'double' to 'GLfloat', possible loss of data
E:\Studies\TARUC\Degree\Year 2\Year 2 Sem 1\Graphics Programming\Practical\Code\Practical 3\main.cpp(194,13): warning C4244: 'argument': conversion from 'double' to 'GLfloat', possible loss of data
E:\Studies\TARUC\Degree\Year 2\Year 2 Sem 1\Graphics Programming\Practical\Code\Practical 3\main.cpp(198,18): warning C4244: 'argument': conversion from 'double' to 'GLfloat', possible loss of data
E:\Studies\TARUC\Degree\Year 2\Year 2 Sem 1\Graphics Programming\Practical\Code\Practical 3\main.cpp(198,14): warning C4244: 'argument': conversion from 'double' to 'GLfloat', possible loss of data
E:\Studies\TARUC\Degree\Year 2\Year 2 Sem 1\Graphics Programming\Practical\Code\Practical 3\main.cpp(206,16): warning C4244: 'argument': conversion from 'double' to 'GLfloat', possible loss of data
E:\Studies\TARUC\Degree\Year 2\Year 2 Sem 1\Graphics Programming\Practical\Code\Practical 3\main.cpp(206,13): warning C4244: 'argument': conversion from 'double' to 'GLfloat', possible loss of data
E:\Studies\TARUC\Degree\Year 2\Year 2 Sem 1\Graphics Programming\Practical\Code\Practical 3\main.cpp(210,18): warning C4244: 'argument': conversion from 'double' to 'GLfloat', possible loss of data
E:\Studies\TARUC\Degree\Year 2\Year 2 Sem 1\Graphics Programming\Practical\Code\Practical 3\main.cpp(210,14): warning C4244: 'argument': conversion from 'double' to 'GLfloat', possible loss of data
E:\Studies\TARUC\Degree\Year 2\Year 2 Sem 1\Graphics Programming\Practical\Code\Practical 3\main.cpp(217,22): warning C4305: 'argument': truncation from 'double' to 'GLfloat'
E:\Studies\TARUC\Degree\Year 2\Year 2 Sem 1\Graphics Programming\Practical\Code\Practical 3\main.cpp(219,22): warning C4305: 'argument': truncation from 'double' to 'GLfloat'
E:\Studies\TARUC\Degree\Year 2\Year 2 Sem 1\Graphics Programming\Practical\Code\Practical 3\main.cpp(220,25): warning C4305: 'argument': truncation from 'double' to 'GLfloat'
E:\Studies\TARUC\Degree\Year 2\Year 2 Sem 1\Graphics Programming\Practical\Code\Practical 3\main.cpp(221,22): warning C4305: 'argument': truncation from 'double' to 'GLfloat'
E:\Studies\TARUC\Degree\Year 2\Year 2 Sem 1\Graphics Programming\Practical\Code\Practical 3\main.cpp(222,24): warning C4305: 'argument': truncation from 'double' to 'GLfloat'
E:\Studies\TARUC\Degree\Year 2\Year 2 Sem 1\Graphics Programming\Practical\Code\Practical 3\main.cpp(231,25): warning C4305: 'argument': truncation from 'double' to 'GLfloat'
E:\Studies\TARUC\Degree\Year 2\Year 2 Sem 1\Graphics Programming\Practical\Code\Practical 3\main.cpp(232,25): warning C4305: 'argument': truncation from 'double' to 'GLfloat'
E:\Studies\TARUC\Degree\Year 2\Year 2 Sem 1\Graphics Programming\Practical\Code\Practical 3\main.cpp(236,25): warning C4305: 'argument': truncation from 'double' to 'GLfloat'
E:\Studies\TARUC\Degree\Year 2\Year 2 Sem 1\Graphics Programming\Practical\Code\Practical 3\main.cpp(237,25): warning C4305: 'argument': truncation from 'double' to 'GLfloat'
E:\Studies\TARUC\Degree\Year 2\Year 2 Sem 1\Graphics Programming\Practical\Code\Practical 3\main.cpp(241,24): warning C4305: 'argument': truncation from 'double' to 'GLfloat'
E:\Studies\TARUC\Degree\Year 2\Year 2 Sem 1\Graphics Programming\Practical\Code\Practical 3\main.cpp(242,24): warning C4305: 'argument': truncation from 'double' to 'GLfloat'
E:\Studies\TARUC\Degree\Year 2\Year 2 Sem 1\Graphics Programming\Practical\Code\Practical 3\main.cpp(246,25): warning C4305: 'argument': truncation from 'double' to 'GLfloat'
E:\Studies\TARUC\Degree\Year 2\Year 2 Sem 1\Graphics Programming\Practical\Code\Practical 3\main.cpp(247,25): warning C4305: 'argument': truncation from 'double' to 'GLfloat'
E:\Studies\TARUC\Degree\Year 2\Year 2 Sem 1\Graphics Programming\Practical\Code\Practical 3\main.cpp(251,25): warning C4305: 'argument': truncation from 'double' to 'GLfloat'
E:\Studies\TARUC\Degree\Year 2\Year 2 Sem 1\Graphics Programming\Practical\Code\Practical 3\main.cpp(252,25): warning C4305: 'argument': truncation from 'double' to 'GLfloat'
E:\Studies\TARUC\Degree\Year 2\Year 2 Sem 1\Graphics Programming\Practical\Code\Practical 3\main.cpp(256,25): warning C4305: 'argument': truncation from 'double' to 'GLfloat'
E:\Studies\TARUC\Degree\Year 2\Year 2 Sem 1\Graphics Programming\Practical\Code\Practical 3\main.cpp(257,25): warning C4305: 'argument': truncation from 'double' to 'GLfloat'
E:\Studies\TARUC\Degree\Year 2\Year 2 Sem 1\Graphics Programming\Practical\Code\Practical 3\main.cpp(261,25): warning C4305: 'argument': truncation from 'double' to 'GLfloat'
E:\Studies\TARUC\Degree\Year 2\Year 2 Sem 1\Graphics Programming\Practical\Code\Practical 3\main.cpp(262,25): warning C4305: 'argument': truncation from 'double' to 'GLfloat'
E:\Studies\TARUC\Degree\Year 2\Year 2 Sem 1\Graphics Programming\Practical\Code\Practical 3\main.cpp(266,24): warning C4305: 'argument': truncation from 'double' to 'GLfloat'
E:\Studies\TARUC\Degree\Year 2\Year 2 Sem 1\Graphics Programming\Practical\Code\Practical 3\main.cpp(267,24): warning C4305: 'argument': truncation from 'double' to 'GLfloat'
E:\Studies\TARUC\Degree\Year 2\Year 2 Sem 1\Graphics Programming\Practical\Code\Practical 3\main.cpp(271,25): warning C4305: 'argument': truncation from 'double' to 'GLfloat'
E:\Studies\TARUC\Degree\Year 2\Year 2 Sem 1\Graphics Programming\Practical\Code\Practical 3\main.cpp(272,25): warning C4305: 'argument': truncation from 'double' to 'GLfloat'
E:\Studies\TARUC\Degree\Year 2\Year 2 Sem 1\Graphics Programming\Practical\Code\Practical 3\main.cpp(381,31): warning C4244: 'argument': conversion from 'double' to 'GLfloat', possible loss of data
E:\Studies\TARUC\Degree\Year 2\Year 2 Sem 1\Graphics Programming\Practical\Code\Practical 3\main.cpp(381,15): warning C4244: 'argument': conversion from 'double' to 'GLfloat', possible loss of data
E:\Studies\TARUC\Degree\Year 2\Year 2 Sem 1\Graphics Programming\Practical\Code\Practical 3\main.cpp(383,21): warning C4305: 'argument': truncation from 'double' to 'GLfloat'
E:\Studies\TARUC\Degree\Year 2\Year 2 Sem 1\Graphics Programming\Practical\Code\Practical 3\main.cpp(385,20): warning C4305: 'argument': truncation from 'double' to 'GLfloat'
E:\Studies\TARUC\Degree\Year 2\Year 2 Sem 1\Graphics Programming\Practical\Code\Practical 3\main.cpp(386,23): warning C4305: 'argument': truncation from 'double' to 'GLfloat'
E:\Studies\TARUC\Degree\Year 2\Year 2 Sem 1\Graphics Programming\Practical\Code\Practical 3\main.cpp(392,32): warning C4244: 'argument': conversion from 'double' to 'GLfloat', possible loss of data
E:\Studies\TARUC\Degree\Year 2\Year 2 Sem 1\Graphics Programming\Practical\Code\Practical 3\main.cpp(392,15): warning C4244: 'argument': conversion from 'double' to 'GLfloat', possible loss of data
E:\Studies\TARUC\Degree\Year 2\Year 2 Sem 1\Graphics Programming\Practical\Code\Practical 3\main.cpp(394,20): warning C4305: 'argument': truncation from 'double' to 'GLfloat'
E:\Studies\TARUC\Degree\Year 2\Year 2 Sem 1\Graphics Programming\Practical\Code\Practical 3\main.cpp(396,20): warning C4305: 'argument': truncation from 'double' to 'GLfloat'
E:\Studies\TARUC\Degree\Year 2\Year 2 Sem 1\Graphics Programming\Practical\Code\Practical 3\main.cpp(397,22): warning C4305: 'argument': truncation from 'double' to 'GLfloat'
E:\Studies\TARUC\Degree\Year 2\Year 2 Sem 1\Graphics Programming\Practical\Code\Practical 3\main.cpp(428,23): warning C4305: 'argument': truncation from 'double' to 'GLfloat'
E:\Studies\TARUC\Degree\Year 2\Year 2 Sem 1\Graphics Programming\Practical\Code\Practical 3\main.cpp(430,16): warning C4244: 'argument': conversion from 'double' to 'GLfloat', possible loss of data
E:\Studies\TARUC\Degree\Year 2\Year 2 Sem 1\Graphics Programming\Practical\Code\Practical 3\main.cpp(432,28): warning C4305: 'argument': truncation from 'double' to 'GLfloat'
E:\Studies\TARUC\Degree\Year 2\Year 2 Sem 1\Graphics Programming\Practical\Code\Practical 3\main.cpp(437,28): warning C4305: 'argument': truncation from 'double' to 'GLfloat'
E:\Studies\TARUC\Degree\Year 2\Year 2 Sem 1\Graphics Programming\Practical\Code\Practical 3\main.cpp(442,29): warning C4305: 'argument': truncation from 'double' to 'GLfloat'
E:\Studies\TARUC\Degree\Year 2\Year 2 Sem 1\Graphics Programming\Practical\Code\Practical 3\main.cpp(447,30): warning C4305: 'argument': truncation from 'double' to 'GLfloat'
E:\Studies\TARUC\Degree\Year 2\Year 2 Sem 1\Graphics Programming\Practical\Code\Practical 3\main.cpp(458,22): warning C4305: 'argument': truncation from 'double' to 'GLfloat'
E:\Studies\TARUC\Degree\Year 2\Year 2 Sem 1\Graphics Programming\Practical\Code\Practical 3\main.cpp(459,27): warning C4305: 'argument': truncation from 'double' to 'GLfloat'
E:\Studies\TARUC\Degree\Year 2\Year 2 Sem 1\Graphics Programming\Practical\Code\Practical 3\main.cpp(464,22): warning C4305: 'argument': truncation from 'double' to 'GLfloat'
E:\Studies\TARUC\Degree\Year 2\Year 2 Sem 1\Graphics Programming\Practical\Code\Practical 3\main.cpp(465,27): warning C4305: 'argument': truncation from 'double' to 'GLfloat'
E:\Studies\TARUC\Degree\Year 2\Year 2 Sem 1\Graphics Programming\Practical\Code\Practical 3\main.cpp(470,22): warning C4305: 'argument': truncation from 'double' to 'GLfloat'
E:\Studies\TARUC\Degree\Year 2\Year 2 Sem 1\Graphics Programming\Practical\Code\Practical 3\main.cpp(491,25): warning C4305: 'argument': truncation from 'double' to 'GLfloat'
E:\Studies\TARUC\Degree\Year 2\Year 2 Sem 1\Graphics Programming\Practical\Code\Practical 3\main.cpp(492,24): warning C4305: 'argument': truncation from 'double' to 'GLfloat'
E:\Studies\TARUC\Degree\Year 2\Year 2 Sem 1\Graphics Programming\Practical\Code\Practical 3\main.cpp(493,25): warning C4305: 'argument': truncation from 'double' to 'GLfloat'
E:\Studies\TARUC\Degree\Year 2\Year 2 Sem 1\Graphics Programming\Practical\Code\Practical 3\main.cpp(494,26): warning C4305: 'argument': truncation from 'double' to 'GLfloat'
E:\Studies\TARUC\Degree\Year 2\Year 2 Sem 1\Graphics Programming\Practical\Code\Practical 3\main.cpp(500,26): warning C4305: 'argument': truncation from 'double' to 'GLfloat'
E:\Studies\TARUC\Degree\Year 2\Year 2 Sem 1\Graphics Programming\Practical\Code\Practical 3\main.cpp(501,25): warning C4305: 'argument': truncation from 'double' to 'GLfloat'
E:\Studies\TARUC\Degree\Year 2\Year 2 Sem 1\Graphics Programming\Practical\Code\Practical 3\main.cpp(502,23): warning C4305: 'argument': truncation from 'double' to 'GLfloat'
E:\Studies\TARUC\Degree\Year 2\Year 2 Sem 1\Graphics Programming\Practical\Code\Practical 3\main.cpp(503,24): warning C4305: 'argument': truncation from 'double' to 'GLfloat'
E:\Studies\TARUC\Degree\Year 2\Year 2 Sem 1\Graphics Programming\Practical\Code\Practical 3\main.cpp(510,26): warning C4305: 'argument': truncation from 'double' to 'GLfloat'
E:\Studies\TARUC\Degree\Year 2\Year 2 Sem 1\Graphics Programming\Practical\Code\Practical 3\main.cpp(511,26): warning C4305: 'argument': truncation from 'double' to 'GLfloat'
E:\Studies\TARUC\Degree\Year 2\Year 2 Sem 1\Graphics Programming\Practical\Code\Practical 3\main.cpp(512,24): warning C4305: 'argument': truncation from 'double' to 'GLfloat'
E:\Studies\TARUC\Degree\Year 2\Year 2 Sem 1\Graphics Programming\Practical\Code\Practical 3\main.cpp(513,24): warning C4305: 'argument': truncation from 'double' to 'GLfloat'
E:\Studies\TARUC\Degree\Year 2\Year 2 Sem 1\Graphics Programming\Practical\Code\Practical 3\main.cpp(518,25): warning C4305: 'argument': truncation from 'double' to 'GLfloat'
E:\Studies\TARUC\Degree\Year 2\Year 2 Sem 1\Graphics Programming\Practical\Code\Practical 3\main.cpp(519,25): warning C4305: 'argument': truncation from 'double' to 'GLfloat'
E:\Studies\TARUC\Degree\Year 2\Year 2 Sem 1\Graphics Programming\Practical\Code\Practical 3\main.cpp(520,23): warning C4305: 'argument': truncation from 'double' to 'GLfloat'
E:\Studies\TARUC\Degree\Year 2\Year 2 Sem 1\Graphics Programming\Practical\Code\Practical 3\main.cpp(521,23): warning C4305: 'argument': truncation from 'double' to 'GLfloat'
E:\Studies\TARUC\Degree\Year 2\Year 2 Sem 1\Graphics Programming\Practical\Code\Practical 3\main.cpp(530,18): warning C4244: 'argument': conversion from 'double' to 'GLfloat', possible loss of data
E:\Studies\TARUC\Degree\Year 2\Year 2 Sem 1\Graphics Programming\Practical\Code\Practical 3\main.cpp(530,14): warning C4244: 'argument': conversion from 'double' to 'GLfloat', possible loss of data
E:\Studies\TARUC\Degree\Year 2\Year 2 Sem 1\Graphics Programming\Practical\Code\Practical 3\main.cpp(538,24): warning C4305: 'argument': truncation from 'double' to 'GLfloat'
E:\Studies\TARUC\Degree\Year 2\Year 2 Sem 1\Graphics Programming\Practical\Code\Practical 3\main.cpp(539,21): warning C4305: 'argument': truncation from 'double' to 'GLfloat'
E:\Studies\TARUC\Degree\Year 2\Year 2 Sem 1\Graphics Programming\Practical\Code\Practical 3\main.cpp(540,21): warning C4305: 'argument': truncation from 'double' to 'GLfloat'
E:\Studies\TARUC\Degree\Year 2\Year 2 Sem 1\Graphics Programming\Practical\Code\Practical 3\main.cpp(541,21): warning C4305: 'argument': truncation from 'double' to 'GLfloat'
E:\Studies\TARUC\Degree\Year 2\Year 2 Sem 1\Graphics Programming\Practical\Code\Practical 3\main.cpp(542,23): warning C4305: 'argument': truncation from 'double' to 'GLfloat'
E:\Studies\TARUC\Degree\Year 2\Year 2 Sem 1\Graphics Programming\Practical\Code\Practical 3\main.cpp(551,18): warning C4244: 'argument': conversion from 'double' to 'GLfloat', possible loss of data
E:\Studies\TARUC\Degree\Year 2\Year 2 Sem 1\Graphics Programming\Practical\Code\Practical 3\main.cpp(551,14): warning C4244: 'argument': conversion from 'double' to 'GLfloat', possible loss of data
E:\Studies\TARUC\Degree\Year 2\Year 2 Sem 1\Graphics Programming\Practical\Code\Practical 3\main.cpp(560,18): warning C4244: 'argument': conversion from 'double' to 'GLfloat', possible loss of data
E:\Studies\TARUC\Degree\Year 2\Year 2 Sem 1\Graphics Programming\Practical\Code\Practical 3\main.cpp(560,14): warning C4244: 'argument': conversion from 'double' to 'GLfloat', possible loss of data
E:\Studies\TARUC\Degree\Year 2\Year 2 Sem 1\Graphics Programming\Practical\Code\Practical 3\main.cpp(570,18): warning C4244: 'argument': conversion from 'double' to 'GLfloat', possible loss of data
E:\Studies\TARUC\Degree\Year 2\Year 2 Sem 1\Graphics Programming\Practical\Code\Practical 3\main.cpp(570,14): warning C4244: 'argument': conversion from 'double' to 'GLfloat', possible loss of data
E:\Studies\TARUC\Degree\Year 2\Year 2 Sem 1\Graphics Programming\Practical\Code\Practical 3\main.cpp(575,25): warning C4305: 'argument': truncation from 'double' to 'GLfloat'
E:\Studies\TARUC\Degree\Year 2\Year 2 Sem 1\Graphics Programming\Practical\Code\Practical 3\main.cpp(576,24): warning C4305: 'argument': truncation from 'double' to 'GLfloat'
E:\Studies\TARUC\Degree\Year 2\Year 2 Sem 1\Graphics Programming\Practical\Code\Practical 3\main.cpp(577,23): warning C4305: 'argument': truncation from 'double' to 'GLfloat'
E:\Studies\TARUC\Degree\Year 2\Year 2 Sem 1\Graphics Programming\Practical\Code\Practical 3\main.cpp(578,24): warning C4305: 'argument': truncation from 'double' to 'GLfloat'
E:\Studies\TARUC\Degree\Year 2\Year 2 Sem 1\Graphics Programming\Practical\Code\Practical 3\main.cpp(585,24): warning C4305: 'argument': truncation from 'double' to 'GLfloat'
E:\Studies\TARUC\Degree\Year 2\Year 2 Sem 1\Graphics Programming\Practical\Code\Practical 3\main.cpp(586,23): warning C4305: 'argument': truncation from 'double' to 'GLfloat'
E:\Studies\TARUC\Degree\Year 2\Year 2 Sem 1\Graphics Programming\Practical\Code\Practical 3\main.cpp(590,25): warning C4305: 'argument': truncation from 'double' to 'GLfloat'
E:\Studies\TARUC\Degree\Year 2\Year 2 Sem 1\Graphics Programming\Practical\Code\Practical 3\main.cpp(591,24): warning C4305: 'argument': truncation from 'double' to 'GLfloat'
E:\Studies\TARUC\Degree\Year 2\Year 2 Sem 1\Graphics Programming\Practical\Code\Practical 3\main.cpp(597,26): warning C4305: 'argument': truncation from 'double' to 'GLfloat'
E:\Studies\TARUC\Degree\Year 2\Year 2 Sem 1\Graphics Programming\Practical\Code\Practical 3\main.cpp(598,26): warning C4305: 'argument': truncation from 'double' to 'GLfloat'
E:\Studies\TARUC\Degree\Year 2\Year 2 Sem 1\Graphics Programming\Practical\Code\Practical 3\main.cpp(602,26): warning C4305: 'argument': truncation from 'double' to 'GLfloat'
E:\Studies\TARUC\Degree\Year 2\Year 2 Sem 1\Graphics Programming\Practical\Code\Practical 3\main.cpp(603,26): warning C4305: 'argument': truncation from 'double' to 'GLfloat'
E:\Studies\TARUC\Degree\Year 2\Year 2 Sem 1\Graphics Programming\Practical\Code\Practical 3\main.cpp(607,26): warning C4305: 'argument': truncation from 'double' to 'GLfloat'
E:\Studies\TARUC\Degree\Year 2\Year 2 Sem 1\Graphics Programming\Practical\Code\Practical 3\main.cpp(608,26): warning C4305: 'argument': truncation from 'double' to 'GLfloat'
E:\Studies\TARUC\Degree\Year 2\Year 2 Sem 1\Graphics Programming\Practical\Code\Practical 3\main.cpp(612,26): warning C4305: 'argument': truncation from 'double' to 'GLfloat'
E:\Studies\TARUC\Degree\Year 2\Year 2 Sem 1\Graphics Programming\Practical\Code\Practical 3\main.cpp(613,26): warning C4305: 'argument': truncation from 'double' to 'GLfloat'
E:\Studies\TARUC\Degree\Year 2\Year 2 Sem 1\Graphics Programming\Practical\Code\Practical 3\main.cpp(617,22): warning C4305: 'argument': truncation from 'double' to 'GLfloat'
E:\Studies\TARUC\Degree\Year 2\Year 2 Sem 1\Graphics Programming\Practical\Code\Practical 3\main.cpp(618,22): warning C4305: 'argument': truncation from 'double' to 'GLfloat'
E:\Studies\TARUC\Degree\Year 2\Year 2 Sem 1\Graphics Programming\Practical\Code\Practical 3\main.cpp(622,25): warning C4305: 'argument': truncation from 'double' to 'GLfloat'
E:\Studies\TARUC\Degree\Year 2\Year 2 Sem 1\Graphics Programming\Practical\Code\Practical 3\main.cpp(623,25): warning C4305: 'argument': truncation from 'double' to 'GLfloat'
E:\Studies\TARUC\Degree\Year 2\Year 2 Sem 1\Graphics Programming\Practical\Code\Practical 3\main.cpp(627,25): warning C4305: 'argument': truncation from 'double' to 'GLfloat'
E:\Studies\TARUC\Degree\Year 2\Year 2 Sem 1\Graphics Programming\Practical\Code\Practical 3\main.cpp(628,25): warning C4305: 'argument': truncation from 'double' to 'GLfloat'
E:\Studies\TARUC\Degree\Year 2\Year 2 Sem 1\Graphics Programming\Practical\Code\Practical 3\main.cpp(632,24): warning C4305: 'argument': truncation from 'double' to 'GLfloat'
E:\Studies\TARUC\Degree\Year 2\Year 2 Sem 1\Graphics Programming\Practical\Code\Practical 3\main.cpp(633,24): warning C4305: 'argument': truncation from 'double' to 'GLfloat'
E:\Studies\TARUC\Degree\Year 2\Year 2 Sem 1\Graphics Programming\Practical\Code\Practical 3\main.cpp(637,25): warning C4305: 'argument': truncation from 'double' to 'GLfloat'
E:\Studies\TARUC\Degree\Year 2\Year 2 Sem 1\Graphics Programming\Practical\Code\Practical 3\main.cpp(638,25): warning C4305: 'argument': truncation from 'double' to 'GLfloat'
  Practical 3.vcxproj -> E:\Studies\TARUC\Degree\Year 2\Year 2 Sem 1\Graphics Programming\Practical\Code\Practical 3\Debug\Practical 3.exe
