  Practical7.cpp
E:\Studies\TARUC\Degree\Year 2\Year 2 Sem 1\Graphics Programming\Practical\Code\Practical 7\Practical7.cpp(16,41): warning C4305: 'initializing': truncation from 'double' to 'float'
E:\Studies\TARUC\Degree\Year 2\Year 2 Sem 1\Graphics Programming\Practical\Code\Practical 7\Practical7.cpp(59,26): warning C4305: '+=': truncation from 'double' to 'float'
E:\Studies\TARUC\Degree\Year 2\Year 2 Sem 1\Graphics Programming\Practical\Code\Practical 7\Practical7.cpp(62,25): warning C4305: '-=': truncation from 'double' to 'float'
E:\Studies\TARUC\Degree\Year 2\Year 2 Sem 1\Graphics Programming\Practical\Code\Practical 7\Practical7.cpp(65,25): warning C4305: '-=': truncation from 'double' to 'float'
E:\Studies\TARUC\Degree\Year 2\Year 2 Sem 1\Graphics Programming\Practical\Code\Practical 7\Practical7.cpp(68,26): warning C4305: '+=': truncation from 'double' to 'float'
E:\Studies\TARUC\Degree\Year 2\Year 2 Sem 1\Graphics Programming\Practical\Code\Practical 7\Practical7.cpp(152,24): warning C4305: 'argument': truncation from 'double' to 'GLfloat'
E:\Studies\TARUC\Degree\Year 2\Year 2 Sem 1\Graphics Programming\Practical\Code\Practical 7\Practical7.cpp(156,24): warning C4305: 'argument': truncation from 'double' to 'GLfloat'
E:\Studies\TARUC\Degree\Year 2\Year 2 Sem 1\Graphics Programming\Practical\Code\Practical 7\Practical7.cpp(164,24): warning C4305: 'argument': truncation from 'double' to 'GLfloat'
E:\Studies\TARUC\Degree\Year 2\Year 2 Sem 1\Graphics Programming\Practical\Code\Practical 7\Practical7.cpp(172,25): warning C4305: 'argument': truncation from 'double' to 'GLfloat'
E:\Studies\TARUC\Degree\Year 2\Year 2 Sem 1\Graphics Programming\Practical\Code\Practical 7\Practical7.cpp(173,25): warning C4305: 'argument': truncation from 'double' to 'GLfloat'
E:\Studies\TARUC\Degree\Year 2\Year 2 Sem 1\Graphics Programming\Practical\Code\Practical 7\Practical7.cpp(175,25): warning C4305: 'argument': truncation from 'double' to 'GLfloat'
E:\Studies\TARUC\Degree\Year 2\Year 2 Sem 1\Graphics Programming\Practical\Code\Practical 7\Practical7.cpp(229,30): warning C4305: 'argument': truncation from 'double' to 'GLfloat'
E:\Studies\TARUC\Degree\Year 2\Year 2 Sem 1\Graphics Programming\Practical\Code\Practical 7\Practical7.cpp(231,35): warning C4305: 'argument': truncation from 'double' to 'GLfloat'
E:\Studies\TARUC\Degree\Year 2\Year 2 Sem 1\Graphics Programming\Practical\Code\Practical 7\Practical7.cpp(233,34): warning C4305: 'argument': truncation from 'double' to 'GLfloat'
E:\Studies\TARUC\Degree\Year 2\Year 2 Sem 1\Graphics Programming\Practical\Code\Practical 7\Practical7.cpp(235,29): warning C4305: 'argument': truncation from 'double' to 'GLfloat'
E:\Studies\TARUC\Degree\Year 2\Year 2 Sem 1\Graphics Programming\Practical\Code\Practical 7\Practical7.cpp(327,25): warning C4305: 'argument': truncation from 'double' to 'GLfloat'
E:\Studies\TARUC\Degree\Year 2\Year 2 Sem 1\Graphics Programming\Practical\Code\Practical 7\Practical7.cpp(379,28): warning C4305: 'argument': truncation from 'double' to 'GLfloat'
E:\Studies\TARUC\Degree\Year 2\Year 2 Sem 1\Graphics Programming\Practical\Code\Practical 7\Practical7.cpp(399,27): warning C4305: 'argument': truncation from 'double' to 'GLfloat'
E:\Studies\TARUC\Degree\Year 2\Year 2 Sem 1\Graphics Programming\Practical\Code\Practical 7\Practical7.cpp(400,29): warning C4305: 'argument': truncation from 'double' to 'GLfloat'
E:\Studies\TARUC\Degree\Year 2\Year 2 Sem 1\Graphics Programming\Practical\Code\Practical 7\Practical7.cpp(418,27): warning C4305: 'argument': truncation from 'double' to 'GLfloat'
E:\Studies\TARUC\Degree\Year 2\Year 2 Sem 1\Graphics Programming\Practical\Code\Practical 7\Practical7.cpp(427,26): warning C4305: 'argument': truncation from 'double' to 'GLfloat'
E:\Studies\TARUC\Degree\Year 2\Year 2 Sem 1\Graphics Programming\Practical\Code\Practical 7\Practical7.cpp(600,27): warning C4305: 'argument': truncation from 'double' to 'GLfloat'
E:\Studies\TARUC\Degree\Year 2\Year 2 Sem 1\Graphics Programming\Practical\Code\Practical 7\Practical7.cpp(611,30): warning C4305: 'argument': truncation from 'double' to 'GLfloat'
E:\Studies\TARUC\Degree\Year 2\Year 2 Sem 1\Graphics Programming\Practical\Code\Practical 7\Practical7.cpp(612,20): warning C4305: 'argument': truncation from 'double' to 'float'
E:\Studies\TARUC\Degree\Year 2\Year 2 Sem 1\Graphics Programming\Practical\Code\Practical 7\Practical7.cpp(613,24): warning C4305: 'argument': truncation from 'double' to 'float'
E:\Studies\TARUC\Degree\Year 2\Year 2 Sem 1\Graphics Programming\Practical\Code\Practical 7\Practical7.cpp(620,29): warning C4305: 'argument': truncation from 'double' to 'GLfloat'
E:\Studies\TARUC\Degree\Year 2\Year 2 Sem 1\Graphics Programming\Practical\Code\Practical 7\Practical7.cpp(621,20): warning C4305: 'argument': truncation from 'double' to 'float'
E:\Studies\TARUC\Degree\Year 2\Year 2 Sem 1\Graphics Programming\Practical\Code\Practical 7\Practical7.cpp(622,24): warning C4305: 'argument': truncation from 'double' to 'float'
E:\Studies\TARUC\Degree\Year 2\Year 2 Sem 1\Graphics Programming\Practical\Code\Practical 7\Practical7.cpp(630,25): warning C4305: 'argument': truncation from 'double' to 'GLfloat'
E:\Studies\TARUC\Degree\Year 2\Year 2 Sem 1\Graphics Programming\Practical\Code\Practical 7\Practical7.cpp(631,28): warning C4305: 'argument': truncation from 'double' to 'GLfloat'
E:\Studies\TARUC\Degree\Year 2\Year 2 Sem 1\Graphics Programming\Practical\Code\Practical 7\Practical7.cpp(632,41): warning C4305: 'argument': truncation from 'double' to 'float'
E:\Studies\TARUC\Degree\Year 2\Year 2 Sem 1\Graphics Programming\Practical\Code\Practical 7\Practical7.cpp(636,25): warning C4305: 'argument': truncation from 'double' to 'GLfloat'
E:\Studies\TARUC\Degree\Year 2\Year 2 Sem 1\Graphics Programming\Practical\Code\Practical 7\Practical7.cpp(637,28): warning C4305: 'argument': truncation from 'double' to 'GLfloat'
E:\Studies\TARUC\Degree\Year 2\Year 2 Sem 1\Graphics Programming\Practical\Code\Practical 7\Practical7.cpp(638,41): warning C4305: 'argument': truncation from 'double' to 'float'
E:\Studies\TARUC\Degree\Year 2\Year 2 Sem 1\Graphics Programming\Practical\Code\Practical 7\Practical7.cpp(642,25): warning C4305: 'argument': truncation from 'double' to 'GLfloat'
E:\Studies\TARUC\Degree\Year 2\Year 2 Sem 1\Graphics Programming\Practical\Code\Practical 7\Practical7.cpp(643,28): warning C4305: 'argument': truncation from 'double' to 'GLfloat'
E:\Studies\TARUC\Degree\Year 2\Year 2 Sem 1\Graphics Programming\Practical\Code\Practical 7\Practical7.cpp(644,41): warning C4305: 'argument': truncation from 'double' to 'float'
E:\Studies\TARUC\Degree\Year 2\Year 2 Sem 1\Graphics Programming\Practical\Code\Practical 7\Practical7.cpp(648,25): warning C4305: 'argument': truncation from 'double' to 'GLfloat'
E:\Studies\TARUC\Degree\Year 2\Year 2 Sem 1\Graphics Programming\Practical\Code\Practical 7\Practical7.cpp(649,28): warning C4305: 'argument': truncation from 'double' to 'GLfloat'
E:\Studies\TARUC\Degree\Year 2\Year 2 Sem 1\Graphics Programming\Practical\Code\Practical 7\Practical7.cpp(650,41): warning C4305: 'argument': truncation from 'double' to 'float'
E:\Studies\TARUC\Degree\Year 2\Year 2 Sem 1\Graphics Programming\Practical\Code\Practical 7\Practical7.cpp(658,26): warning C4305: 'argument': truncation from 'double' to 'GLfloat'
E:\Studies\TARUC\Degree\Year 2\Year 2 Sem 1\Graphics Programming\Practical\Code\Practical 7\Practical7.cpp(659,28): warning C4305: 'argument': truncation from 'double' to 'GLfloat'
E:\Studies\TARUC\Degree\Year 2\Year 2 Sem 1\Graphics Programming\Practical\Code\Practical 7\Practical7.cpp(660,41): warning C4305: 'argument': truncation from 'double' to 'float'
E:\Studies\TARUC\Degree\Year 2\Year 2 Sem 1\Graphics Programming\Practical\Code\Practical 7\Practical7.cpp(664,26): warning C4305: 'argument': truncation from 'double' to 'GLfloat'
E:\Studies\TARUC\Degree\Year 2\Year 2 Sem 1\Graphics Programming\Practical\Code\Practical 7\Practical7.cpp(665,28): warning C4305: 'argument': truncation from 'double' to 'GLfloat'
E:\Studies\TARUC\Degree\Year 2\Year 2 Sem 1\Graphics Programming\Practical\Code\Practical 7\Practical7.cpp(666,41): warning C4305: 'argument': truncation from 'double' to 'float'
E:\Studies\TARUC\Degree\Year 2\Year 2 Sem 1\Graphics Programming\Practical\Code\Practical 7\Practical7.cpp(670,26): warning C4305: 'argument': truncation from 'double' to 'GLfloat'
E:\Studies\TARUC\Degree\Year 2\Year 2 Sem 1\Graphics Programming\Practical\Code\Practical 7\Practical7.cpp(671,28): warning C4305: 'argument': truncation from 'double' to 'GLfloat'
E:\Studies\TARUC\Degree\Year 2\Year 2 Sem 1\Graphics Programming\Practical\Code\Practical 7\Practical7.cpp(672,41): warning C4305: 'argument': truncation from 'double' to 'float'
E:\Studies\TARUC\Degree\Year 2\Year 2 Sem 1\Graphics Programming\Practical\Code\Practical 7\Practical7.cpp(676,26): warning C4305: 'argument': truncation from 'double' to 'GLfloat'
E:\Studies\TARUC\Degree\Year 2\Year 2 Sem 1\Graphics Programming\Practical\Code\Practical 7\Practical7.cpp(677,28): warning C4305: 'argument': truncation from 'double' to 'GLfloat'
E:\Studies\TARUC\Degree\Year 2\Year 2 Sem 1\Graphics Programming\Practical\Code\Practical 7\Practical7.cpp(678,41): warning C4305: 'argument': truncation from 'double' to 'float'
E:\Studies\TARUC\Degree\Year 2\Year 2 Sem 1\Graphics Programming\Practical\Code\Practical 7\Practical7.cpp(683,26): warning C4305: 'argument': truncation from 'double' to 'GLfloat'
E:\Studies\TARUC\Degree\Year 2\Year 2 Sem 1\Graphics Programming\Practical\Code\Practical 7\Practical7.cpp(684,26): warning C4305: 'argument': truncation from 'double' to 'GLfloat'
E:\Studies\TARUC\Degree\Year 2\Year 2 Sem 1\Graphics Programming\Practical\Code\Practical 7\Practical7.cpp(685,39): warning C4305: 'argument': truncation from 'double' to 'float'
E:\Studies\TARUC\Degree\Year 2\Year 2 Sem 1\Graphics Programming\Practical\Code\Practical 7\Practical7.cpp(710,24): warning C4305: 'argument': truncation from 'double' to 'GLfloat'
E:\Studies\TARUC\Degree\Year 2\Year 2 Sem 1\Graphics Programming\Practical\Code\Practical 7\Practical7.cpp(721,29): warning C4305: 'argument': truncation from 'double' to 'GLfloat'
E:\Studies\TARUC\Degree\Year 2\Year 2 Sem 1\Graphics Programming\Practical\Code\Practical 7\Practical7.cpp(722,20): warning C4305: 'argument': truncation from 'double' to 'float'
E:\Studies\TARUC\Degree\Year 2\Year 2 Sem 1\Graphics Programming\Practical\Code\Practical 7\Practical7.cpp(723,24): warning C4305: 'argument': truncation from 'double' to 'float'
E:\Studies\TARUC\Degree\Year 2\Year 2 Sem 1\Graphics Programming\Practical\Code\Practical 7\Practical7.cpp(730,28): warning C4305: 'argument': truncation from 'double' to 'GLfloat'
E:\Studies\TARUC\Degree\Year 2\Year 2 Sem 1\Graphics Programming\Practical\Code\Practical 7\Practical7.cpp(731,20): warning C4305: 'argument': truncation from 'double' to 'float'
E:\Studies\TARUC\Degree\Year 2\Year 2 Sem 1\Graphics Programming\Practical\Code\Practical 7\Practical7.cpp(732,24): warning C4305: 'argument': truncation from 'double' to 'float'
E:\Studies\TARUC\Degree\Year 2\Year 2 Sem 1\Graphics Programming\Practical\Code\Practical 7\Practical7.cpp(739,25): warning C4305: 'argument': truncation from 'double' to 'GLfloat'
E:\Studies\TARUC\Degree\Year 2\Year 2 Sem 1\Graphics Programming\Practical\Code\Practical 7\Practical7.cpp(740,27): warning C4305: 'argument': truncation from 'double' to 'GLfloat'
E:\Studies\TARUC\Degree\Year 2\Year 2 Sem 1\Graphics Programming\Practical\Code\Practical 7\Practical7.cpp(741,41): warning C4305: 'argument': truncation from 'double' to 'float'
E:\Studies\TARUC\Degree\Year 2\Year 2 Sem 1\Graphics Programming\Practical\Code\Practical 7\Practical7.cpp(745,25): warning C4305: 'argument': truncation from 'double' to 'GLfloat'
E:\Studies\TARUC\Degree\Year 2\Year 2 Sem 1\Graphics Programming\Practical\Code\Practical 7\Practical7.cpp(746,27): warning C4305: 'argument': truncation from 'double' to 'GLfloat'
E:\Studies\TARUC\Degree\Year 2\Year 2 Sem 1\Graphics Programming\Practical\Code\Practical 7\Practical7.cpp(747,41): warning C4305: 'argument': truncation from 'double' to 'float'
E:\Studies\TARUC\Degree\Year 2\Year 2 Sem 1\Graphics Programming\Practical\Code\Practical 7\Practical7.cpp(751,25): warning C4305: 'argument': truncation from 'double' to 'GLfloat'
E:\Studies\TARUC\Degree\Year 2\Year 2 Sem 1\Graphics Programming\Practical\Code\Practical 7\Practical7.cpp(752,27): warning C4305: 'argument': truncation from 'double' to 'GLfloat'
E:\Studies\TARUC\Degree\Year 2\Year 2 Sem 1\Graphics Programming\Practical\Code\Practical 7\Practical7.cpp(753,41): warning C4305: 'argument': truncation from 'double' to 'float'
E:\Studies\TARUC\Degree\Year 2\Year 2 Sem 1\Graphics Programming\Practical\Code\Practical 7\Practical7.cpp(757,25): warning C4305: 'argument': truncation from 'double' to 'GLfloat'
E:\Studies\TARUC\Degree\Year 2\Year 2 Sem 1\Graphics Programming\Practical\Code\Practical 7\Practical7.cpp(758,27): warning C4305: 'argument': truncation from 'double' to 'GLfloat'
E:\Studies\TARUC\Degree\Year 2\Year 2 Sem 1\Graphics Programming\Practical\Code\Practical 7\Practical7.cpp(759,41): warning C4305: 'argument': truncation from 'double' to 'float'
E:\Studies\TARUC\Degree\Year 2\Year 2 Sem 1\Graphics Programming\Practical\Code\Practical 7\Practical7.cpp(766,26): warning C4305: 'argument': truncation from 'double' to 'GLfloat'
E:\Studies\TARUC\Degree\Year 2\Year 2 Sem 1\Graphics Programming\Practical\Code\Practical 7\Practical7.cpp(767,27): warning C4305: 'argument': truncation from 'double' to 'GLfloat'
E:\Studies\TARUC\Degree\Year 2\Year 2 Sem 1\Graphics Programming\Practical\Code\Practical 7\Practical7.cpp(768,41): warning C4305: 'argument': truncation from 'double' to 'float'
E:\Studies\TARUC\Degree\Year 2\Year 2 Sem 1\Graphics Programming\Practical\Code\Practical 7\Practical7.cpp(772,26): warning C4305: 'argument': truncation from 'double' to 'GLfloat'
E:\Studies\TARUC\Degree\Year 2\Year 2 Sem 1\Graphics Programming\Practical\Code\Practical 7\Practical7.cpp(773,27): warning C4305: 'argument': truncation from 'double' to 'GLfloat'
E:\Studies\TARUC\Degree\Year 2\Year 2 Sem 1\Graphics Programming\Practical\Code\Practical 7\Practical7.cpp(774,41): warning C4305: 'argument': truncation from 'double' to 'float'
E:\Studies\TARUC\Degree\Year 2\Year 2 Sem 1\Graphics Programming\Practical\Code\Practical 7\Practical7.cpp(778,26): warning C4305: 'argument': truncation from 'double' to 'GLfloat'
E:\Studies\TARUC\Degree\Year 2\Year 2 Sem 1\Graphics Programming\Practical\Code\Practical 7\Practical7.cpp(779,27): warning C4305: 'argument': truncation from 'double' to 'GLfloat'
E:\Studies\TARUC\Degree\Year 2\Year 2 Sem 1\Graphics Programming\Practical\Code\Practical 7\Practical7.cpp(780,41): warning C4305: 'argument': truncation from 'double' to 'float'
E:\Studies\TARUC\Degree\Year 2\Year 2 Sem 1\Graphics Programming\Practical\Code\Practical 7\Practical7.cpp(784,26): warning C4305: 'argument': truncation from 'double' to 'GLfloat'
E:\Studies\TARUC\Degree\Year 2\Year 2 Sem 1\Graphics Programming\Practical\Code\Practical 7\Practical7.cpp(785,27): warning C4305: 'argument': truncation from 'double' to 'GLfloat'
E:\Studies\TARUC\Degree\Year 2\Year 2 Sem 1\Graphics Programming\Practical\Code\Practical 7\Practical7.cpp(786,41): warning C4305: 'argument': truncation from 'double' to 'float'
E:\Studies\TARUC\Degree\Year 2\Year 2 Sem 1\Graphics Programming\Practical\Code\Practical 7\Practical7.cpp(791,26): warning C4305: 'argument': truncation from 'double' to 'GLfloat'
E:\Studies\TARUC\Degree\Year 2\Year 2 Sem 1\Graphics Programming\Practical\Code\Practical 7\Practical7.cpp(792,27): warning C4305: 'argument': truncation from 'double' to 'GLfloat'
E:\Studies\TARUC\Degree\Year 2\Year 2 Sem 1\Graphics Programming\Practical\Code\Practical 7\Practical7.cpp(793,39): warning C4305: 'argument': truncation from 'double' to 'float'
E:\Studies\TARUC\Degree\Year 2\Year 2 Sem 1\Graphics Programming\Practical\Code\Practical 7\Practical7.cpp(804,27): warning C4305: 'argument': truncation from 'double' to 'GLfloat'
E:\Studies\TARUC\Degree\Year 2\Year 2 Sem 1\Graphics Programming\Practical\Code\Practical 7\Practical7.cpp(805,18): warning C4305: 'argument': truncation from 'double' to 'float'
E:\Studies\TARUC\Degree\Year 2\Year 2 Sem 1\Graphics Programming\Practical\Code\Practical 7\Practical7.cpp(816,28): warning C4305: 'argument': truncation from 'double' to 'GLfloat'
E:\Studies\TARUC\Degree\Year 2\Year 2 Sem 1\Graphics Programming\Practical\Code\Practical 7\Practical7.cpp(817,20): warning C4305: 'argument': truncation from 'double' to 'float'
E:\Studies\TARUC\Degree\Year 2\Year 2 Sem 1\Graphics Programming\Practical\Code\Practical 7\Practical7.cpp(821,29): warning C4305: 'argument': truncation from 'double' to 'GLfloat'
E:\Studies\TARUC\Degree\Year 2\Year 2 Sem 1\Graphics Programming\Practical\Code\Practical 7\Practical7.cpp(823,20): warning C4305: 'argument': truncation from 'double' to 'float'
E:\Studies\TARUC\Degree\Year 2\Year 2 Sem 1\Graphics Programming\Practical\Code\Practical 7\Practical7.cpp(829,31): warning C4305: 'argument': truncation from 'double' to 'GLfloat'
E:\Studies\TARUC\Degree\Year 2\Year 2 Sem 1\Graphics Programming\Practical\Code\Practical 7\Practical7.cpp(830,20): warning C4305: 'argument': truncation from 'double' to 'float'
E:\Studies\TARUC\Degree\Year 2\Year 2 Sem 1\Graphics Programming\Practical\Code\Practical 7\Practical7.cpp(835,32): warning C4305: 'argument': truncation from 'double' to 'GLfloat'
E:\Studies\TARUC\Degree\Year 2\Year 2 Sem 1\Graphics Programming\Practical\Code\Practical 7\Practical7.cpp(837,20): warning C4305: 'argument': truncation from 'double' to 'float'
E:\Studies\TARUC\Degree\Year 2\Year 2 Sem 1\Graphics Programming\Practical\Code\Practical 7\Practical7.cpp(844,20): warning C4305: '+=': truncation from 'double' to 'float'
E:\Studies\TARUC\Degree\Year 2\Year 2 Sem 1\Graphics Programming\Practical\Code\Practical 7\Practical7.cpp(848,20): warning C4305: '-=': truncation from 'double' to 'float'
E:\Studies\TARUC\Degree\Year 2\Year 2 Sem 1\Graphics Programming\Practical\Code\Practical 7\Practical7.cpp(900,24): warning C4305: 'argument': truncation from 'double' to 'GLfloat'
E:\Studies\TARUC\Degree\Year 2\Year 2 Sem 1\Graphics Programming\Practical\Code\Practical 7\Practical7.cpp(921,25): warning C4305: 'argument': truncation from 'double' to 'float'
  Practical 7.vcxproj -> E:\Studies\TARUC\Degree\Year 2\Year 2 Sem 1\Graphics Programming\Practical\Code\Practical 7\Debug\Practical 7.exe
